{
"contracts\\Diamond.sol":{"l":{"17":3,"20":3,"21":3,"22":3,"23":3,"28":3,"34":484,"35":484,"37":484,"41":484,"42":484,"44":484},"path":"C:\\Users\\msarc\\Code\\MowseGame\\web3\\diamonds\\contracts\\Diamond.sol","s":{"1":3,"2":3,"3":3,"4":3,"5":484,"6":484,"7":484,"8":484},"b":{"1":[484,0]},"f":{"1":3,"2":484},"fnMap":{"1":{"name":"constructor","line":16,"loc":{"start":{"line":16,"column":4},"end":{"line":29,"column":4}}},"2":{"name":null,"line":33,"loc":{"start":{"line":33,"column":4},"end":{"line":60,"column":4}}}},"statementMap":{"1":{"start":{"line":17,"column":8},"end":{"line":17,"column":50}},"2":{"start":{"line":20,"column":8},"end":{"line":20,"column":73}},"3":{"start":{"line":21,"column":8},"end":{"line":21,"column":59}},"4":{"start":{"line":28,"column":8},"end":{"line":28,"column":49}},"5":{"start":{"line":34,"column":8},"end":{"line":34,"column":44}},"6":{"start":{"line":35,"column":8},"end":{"line":35,"column":62}},"7":{"start":{"line":41,"column":8},"end":{"line":41,"column":75}},"8":{"start":{"line":42,"column":8},"end":{"line":42,"column":71}}},"branchMap":{"1":{"line":42,"type":"if","locations":[{"start":{"line":42,"column":8},"end":{"line":42,"column":8}},{"start":{"line":42,"column":8},"end":{"line":42,"column":8}}]}}},
"contracts\\facets\\AccessControlFacet.sol":{"l":{"24":0,"25":0,"28":1,"29":1,"33":0,"36":72,"39":6,"42":35,"45":9,"48":8,"52":0,"55":0,"58":0,"61":1,"64":0,"67":0},"path":"C:\\Users\\msarc\\Code\\MowseGame\\web3\\diamonds\\contracts\\facets\\AccessControlFacet.sol","s":{"1":0,"2":1,"3":0,"4":72,"5":6,"6":35,"7":9,"8":8,"9":0,"10":0,"11":0,"12":1,"13":0,"14":0},"b":{"1":[0,0],"2":[0,0],"3":[1,0],"4":[0,0],"5":[0,0],"6":[0,0],"7":[1,0],"8":[0,0],"9":[0,0]},"f":{"1":0,"2":1,"3":0,"4":72,"5":6,"6":35,"7":9,"8":8,"9":0,"10":0,"11":0,"12":1,"13":0,"14":0},"fnMap":{"1":{"name":"onlyAdminOrCore","line":23,"loc":{"start":{"line":23,"column":2},"end":{"line":26,"column":2}}},"2":{"name":"onlyAccessControlAdmin","line":27,"loc":{"start":{"line":27,"column":2},"end":{"line":30,"column":2}}},"3":{"name":"hasAdminRole","line":32,"loc":{"start":{"line":32,"column":2},"end":{"line":34,"column":2}}},"4":{"name":"hasMowseAdminRole","line":35,"loc":{"start":{"line":35,"column":2},"end":{"line":37,"column":2}}},"5":{"name":"hasMowseMinterRole","line":38,"loc":{"start":{"line":38,"column":2},"end":{"line":40,"column":2}}},"6":{"name":"hasMowseWearMinterRole","line":41,"loc":{"start":{"line":41,"column":2},"end":{"line":43,"column":2}}},"7":{"name":"hasMowseWearAdminRole","line":44,"loc":{"start":{"line":44,"column":2},"end":{"line":46,"column":2}}},"8":{"name":"hasMowseGameAdminRole","line":47,"loc":{"start":{"line":47,"column":2},"end":{"line":49,"column":2}}},"9":{"name":"addAccountToAdminRole","line":51,"loc":{"start":{"line":51,"column":2},"end":{"line":53,"column":2}}},"10":{"name":"addAccountToMowseAdminRole","line":54,"loc":{"start":{"line":54,"column":2},"end":{"line":56,"column":2}}},"11":{"name":"addAccountToMowseMinterRole","line":57,"loc":{"start":{"line":57,"column":2},"end":{"line":59,"column":2}}},"12":{"name":"addAccountToMowseWearMinterRole","line":60,"loc":{"start":{"line":60,"column":2},"end":{"line":62,"column":2}}},"13":{"name":"addAccountToMowseWearAdminRole","line":63,"loc":{"start":{"line":63,"column":2},"end":{"line":65,"column":2}}},"14":{"name":"addAccountToMowseGameAdminRole","line":66,"loc":{"start":{"line":66,"column":2},"end":{"line":68,"column":2}}}},"statementMap":{"1":{"start":{"line":24,"column":4},"end":{"line":24,"column":149}},"2":{"start":{"line":28,"column":4},"end":{"line":28,"column":105}},"3":{"start":{"line":33,"column":4},"end":{"line":33,"column":69}},"4":{"start":{"line":36,"column":4},"end":{"line":36,"column":46}},"5":{"start":{"line":39,"column":4},"end":{"line":39,"column":47}},"6":{"start":{"line":42,"column":4},"end":{"line":42,"column":51}},"7":{"start":{"line":45,"column":4},"end":{"line":45,"column":50}},"8":{"start":{"line":48,"column":4},"end":{"line":48,"column":50}},"9":{"start":{"line":52,"column":4},"end":{"line":52,"column":63}},"10":{"start":{"line":55,"column":4},"end":{"line":55,"column":40}},"11":{"start":{"line":58,"column":4},"end":{"line":58,"column":41}},"12":{"start":{"line":61,"column":4},"end":{"line":61,"column":45}},"13":{"start":{"line":64,"column":4},"end":{"line":64,"column":44}},"14":{"start":{"line":67,"column":4},"end":{"line":67,"column":44}}},"branchMap":{"1":{"line":24,"type":"if","locations":[{"start":{"line":24,"column":4},"end":{"line":24,"column":4}},{"start":{"line":24,"column":4},"end":{"line":24,"column":4}}]},"2":{"line":24,"type":"cond-expr","locations":[{"start":{"line":24,"column":12},"end":{"line":24,"column":44}},{"start":{"line":24,"column":49},"end":{"line":24,"column":88}}]},"3":{"line":28,"type":"if","locations":[{"start":{"line":28,"column":4},"end":{"line":28,"column":4}},{"start":{"line":28,"column":4},"end":{"line":28,"column":4}}]},"4":{"line":51,"type":"if","locations":[{"start":{"line":51,"column":59},"end":{"line":51,"column":59}},{"start":{"line":51,"column":59},"end":{"line":51,"column":59}}]},"5":{"line":54,"type":"if","locations":[{"start":{"line":54,"column":64},"end":{"line":54,"column":64}},{"start":{"line":54,"column":64},"end":{"line":54,"column":64}}]},"6":{"line":57,"type":"if","locations":[{"start":{"line":57,"column":65},"end":{"line":57,"column":65}},{"start":{"line":57,"column":65},"end":{"line":57,"column":65}}]},"7":{"line":60,"type":"if","locations":[{"start":{"line":60,"column":69},"end":{"line":60,"column":69}},{"start":{"line":60,"column":69},"end":{"line":60,"column":69}}]},"8":{"line":63,"type":"if","locations":[{"start":{"line":63,"column":68},"end":{"line":63,"column":68}},{"start":{"line":63,"column":68},"end":{"line":63,"column":68}}]},"9":{"line":66,"type":"if","locations":[{"start":{"line":66,"column":68},"end":{"line":66,"column":68}},{"start":{"line":66,"column":68},"end":{"line":66,"column":68}}]}}},
"contracts\\facets\\DiamondCutFacet.sol":{"l":{"27":1,"28":1},"path":"C:\\Users\\msarc\\Code\\MowseGame\\web3\\diamonds\\contracts\\facets\\DiamondCutFacet.sol","s":{"1":1,"2":1},"b":{},"f":{"1":1},"fnMap":{"1":{"name":"diamondCut","line":22,"loc":{"start":{"line":22,"column":4},"end":{"line":29,"column":4}}}},"statementMap":{"1":{"start":{"line":27,"column":8},"end":{"line":27,"column":42}},"2":{"start":{"line":28,"column":8},"end":{"line":28,"column":59}}},"branchMap":{}},
"contracts\\facets\\DiamondLoupeFacet.sol":{"l":{"28":0,"29":0,"30":0,"31":0,"32":0,"33":0,"34":0,"42":3,"43":3,"49":1,"50":1,"58":4,"59":4,"64":0,"65":0},"path":"C:\\Users\\msarc\\Code\\MowseGame\\web3\\diamonds\\contracts\\facets\\DiamondLoupeFacet.sol","s":{"1":0,"2":0,"3":0,"4":0,"5":3,"6":1,"7":4,"8":0,"9":0},"b":{},"f":{"1":0,"2":3,"3":1,"4":4,"5":0},"fnMap":{"1":{"name":"facets","line":27,"loc":{"start":{"line":27,"column":4},"end":{"line":36,"column":4}}},"2":{"name":"facetFunctionSelectors","line":41,"loc":{"start":{"line":41,"column":4},"end":{"line":44,"column":4}}},"3":{"name":"facetAddresses","line":48,"loc":{"start":{"line":48,"column":4},"end":{"line":51,"column":4}}},"4":{"name":"facetAddress","line":57,"loc":{"start":{"line":57,"column":4},"end":{"line":60,"column":4}}},"5":{"name":"supportsInterface","line":63,"loc":{"start":{"line":63,"column":4},"end":{"line":66,"column":4}}}},"statementMap":{"1":{"start":{"line":28,"column":8},"end":{"line":28,"column":74}},"2":{"start":{"line":29,"column":8},"end":{"line":29,"column":52}},"3":{"start":{"line":31,"column":8},"end":{"line":31,"column":1388}},"4":{"start":{"line":32,"column":12},"end":{"line":32,"column":56}},"5":{"start":{"line":42,"column":8},"end":{"line":42,"column":74}},"6":{"start":{"line":49,"column":8},"end":{"line":49,"column":74}},"7":{"start":{"line":58,"column":8},"end":{"line":58,"column":74}},"8":{"start":{"line":64,"column":8},"end":{"line":64,"column":74}},"9":{"start":{"line":65,"column":8},"end":{"line":65,"column":51}}},"branchMap":{}},
"contracts\\facets\\GameStorageFacet.sol":{"l":{"21":4,"22":4,"25":6,"26":6,"30":0,"33":1,"38":2,"39":2,"44":0,"47":0,"48":0,"51":0,"52":0,"53":0,"58":2,"61":2,"64":2,"67":2,"70":26,"71":26,"72":5,"73":5,"75":26,"78":1,"79":1,"83":0,"86":0,"89":1,"91":1,"94":2,"95":2,"96":2,"98":2,"99":2},"path":"C:\\Users\\msarc\\Code\\MowseGame\\web3\\diamonds\\contracts\\facets\\GameStorageFacet.sol","s":{"1":4,"2":6,"3":0,"4":1,"5":2,"6":0,"7":0,"8":0,"9":0,"10":0,"11":2,"12":2,"13":2,"14":2,"15":26,"16":26,"17":5,"18":1,"19":1,"20":2,"21":2,"22":2,"23":2,"24":2},"b":{"1":[4,0],"2":[0,4],"3":[6,0],"4":[2,0],"5":[0,0],"6":[0,0],"7":[2,0],"8":[2,0],"9":[2,0],"10":[5,21],"11":[1,0],"12":[0,0],"13":[0,0],"14":[1,0],"15":[2,0],"16":[2,0]},"f":{"1":4,"2":6,"3":0,"4":1,"5":2,"6":0,"7":0,"8":0,"9":2,"10":2,"11":2,"12":2,"13":26,"14":1,"15":0,"16":0,"17":1,"18":2},"fnMap":{"1":{"name":"onlyAdminOrCore","line":20,"loc":{"start":{"line":20,"column":2},"end":{"line":23,"column":2}}},"2":{"name":"testPatchExists","line":24,"loc":{"start":{"line":24,"column":2},"end":{"line":28,"column":2}}},"3":{"name":"isPaused","line":29,"loc":{"start":{"line":29,"column":2},"end":{"line":31,"column":2}}},"4":{"name":"getMowseTokenIdCounter","line":32,"loc":{"start":{"line":32,"column":2},"end":{"line":34,"column":2}}},"5":{"name":"setHasPurchasedMowseGold","line":37,"loc":{"start":{"line":37,"column":2},"end":{"line":40,"column":2}}},"6":{"name":"getMowseGoldToClaim","line":43,"loc":{"start":{"line":43,"column":2},"end":{"line":45,"column":2}}},"7":{"name":"setMowseGoldToClaim","line":46,"loc":{"start":{"line":46,"column":2},"end":{"line":49,"column":2}}},"8":{"name":"claimInitialMowseGold","line":50,"loc":{"start":{"line":50,"column":2},"end":{"line":54,"column":2}}},"9":{"name":"getPatchVersion","line":57,"loc":{"start":{"line":57,"column":2},"end":{"line":59,"column":2}}},"10":{"name":"getUniqueInteractionCount","line":60,"loc":{"start":{"line":60,"column":2},"end":{"line":62,"column":2}}},"11":{"name":"getInteractedAddresses","line":63,"loc":{"start":{"line":63,"column":2},"end":{"line":65,"column":2}}},"12":{"name":"getNumberOfInteractionsByAddress","line":66,"loc":{"start":{"line":66,"column":2},"end":{"line":68,"column":2}}},"13":{"name":"testPatchInteraction","line":69,"loc":{"start":{"line":69,"column":2},"end":{"line":76,"column":2}}},"14":{"name":"nextPatch","line":77,"loc":{"start":{"line":77,"column":2},"end":{"line":80,"column":2}}},"15":{"name":"setTreasuryAddress","line":82,"loc":{"start":{"line":82,"column":2},"end":{"line":84,"column":2}}},"16":{"name":"pause","line":85,"loc":{"start":{"line":85,"column":2},"end":{"line":87,"column":2}}},"17":{"name":"approveMowseGold","line":88,"loc":{"start":{"line":88,"column":2},"end":{"line":92,"column":2}}},"18":{"name":"withdraw","line":93,"loc":{"start":{"line":93,"column":2},"end":{"line":100,"column":2}}}},"statementMap":{"1":{"start":{"line":21,"column":4},"end":{"line":21,"column":149}},"2":{"start":{"line":25,"column":4},"end":{"line":25,"column":76}},"3":{"start":{"line":30,"column":4},"end":{"line":30,"column":22}},"4":{"start":{"line":33,"column":4},"end":{"line":33,"column":35}},"5":{"start":{"line":38,"column":4},"end":{"line":38,"column":139}},"6":{"start":{"line":44,"column":4},"end":{"line":44,"column":50}},"7":{"start":{"line":47,"column":4},"end":{"line":47,"column":139}},"8":{"start":{"line":51,"column":4},"end":{"line":51,"column":77}},"9":{"start":{"line":52,"column":4},"end":{"line":52,"column":61}},"10":{"start":{"line":53,"column":4},"end":{"line":53,"column":34}},"11":{"start":{"line":58,"column":4},"end":{"line":58,"column":30}},"12":{"start":{"line":61,"column":4},"end":{"line":61,"column":64}},"13":{"start":{"line":64,"column":4},"end":{"line":64,"column":61}},"14":{"start":{"line":67,"column":4},"end":{"line":67,"column":71}},"15":{"start":{"line":70,"column":4},"end":{"line":70,"column":46}},"16":{"start":{"line":71,"column":4},"end":{"line":71,"column":3238}},"17":{"start":{"line":73,"column":6},"end":{"line":73,"column":69}},"18":{"start":{"line":89,"column":4},"end":{"line":89,"column":107}},"19":{"start":{"line":91,"column":4},"end":{"line":91,"column":52}},"20":{"start":{"line":94,"column":4},"end":{"line":94,"column":70}},"21":{"start":{"line":95,"column":4},"end":{"line":95,"column":44}},"22":{"start":{"line":96,"column":4},"end":{"line":96,"column":85}},"23":{"start":{"line":98,"column":4},"end":{"line":98,"column":85}},"24":{"start":{"line":99,"column":4},"end":{"line":99,"column":14}}},"branchMap":{"1":{"line":21,"type":"if","locations":[{"start":{"line":21,"column":4},"end":{"line":21,"column":4}},{"start":{"line":21,"column":4},"end":{"line":21,"column":4}}]},"2":{"line":21,"type":"cond-expr","locations":[{"start":{"line":21,"column":12},"end":{"line":21,"column":44}},{"start":{"line":21,"column":49},"end":{"line":21,"column":88}}]},"3":{"line":25,"type":"if","locations":[{"start":{"line":25,"column":4},"end":{"line":25,"column":4}},{"start":{"line":25,"column":4},"end":{"line":25,"column":4}}]},"4":{"line":38,"type":"if","locations":[{"start":{"line":38,"column":4},"end":{"line":38,"column":4}},{"start":{"line":38,"column":4},"end":{"line":38,"column":4}}]},"5":{"line":47,"type":"if","locations":[{"start":{"line":47,"column":4},"end":{"line":47,"column":4}},{"start":{"line":47,"column":4},"end":{"line":47,"column":4}}]},"6":{"line":51,"type":"if","locations":[{"start":{"line":51,"column":4},"end":{"line":51,"column":4}},{"start":{"line":51,"column":4},"end":{"line":51,"column":4}}]},"7":{"line":60,"type":"if","locations":[{"start":{"line":60,"column":73},"end":{"line":60,"column":73}},{"start":{"line":60,"column":73},"end":{"line":60,"column":73}}]},"8":{"line":63,"type":"if","locations":[{"start":{"line":63,"column":70},"end":{"line":63,"column":70}},{"start":{"line":63,"column":70},"end":{"line":63,"column":70}}]},"9":{"line":66,"type":"if","locations":[{"start":{"line":66,"column":97},"end":{"line":66,"column":97}},{"start":{"line":66,"column":97},"end":{"line":66,"column":97}}]},"10":{"line":71,"type":"if","locations":[{"start":{"line":71,"column":4},"end":{"line":71,"column":4}},{"start":{"line":71,"column":4},"end":{"line":71,"column":4}}]},"11":{"line":77,"type":"if","locations":[{"start":{"line":77,"column":32},"end":{"line":77,"column":32}},{"start":{"line":77,"column":32},"end":{"line":77,"column":32}}]},"12":{"line":82,"type":"if","locations":[{"start":{"line":82,"column":67},"end":{"line":82,"column":67}},{"start":{"line":82,"column":67},"end":{"line":82,"column":67}}]},"13":{"line":85,"type":"if","locations":[{"start":{"line":85,"column":39},"end":{"line":85,"column":39}},{"start":{"line":85,"column":39},"end":{"line":85,"column":39}}]},"14":{"line":88,"type":"if","locations":[{"start":{"line":88,"column":56},"end":{"line":88,"column":56}},{"start":{"line":88,"column":56},"end":{"line":88,"column":56}}]},"15":{"line":93,"type":"if","locations":[{"start":{"line":93,"column":29},"end":{"line":93,"column":29}},{"start":{"line":93,"column":29},"end":{"line":93,"column":29}}]},"16":{"line":99,"type":"if","locations":[{"start":{"line":99,"column":4},"end":{"line":99,"column":4}},{"start":{"line":99,"column":4},"end":{"line":99,"column":4}}]}}},
"contracts\\facets\\MowseFacet.sol":{"l":{"31":7,"32":7,"35":16,"36":14,"40":3,"41":3,"44":1,"45":1,"49":3,"50":3,"51":3,"52":3,"55":0,"58":1,"62":1,"63":0,"64":0,"65":0,"67":0,"69":0,"72":12,"75":4,"76":4,"77":4,"78":4,"83":7,"84":7,"85":7,"86":7,"87":7,"88":7,"91":7},"path":"C:\\Users\\msarc\\Code\\MowseGame\\web3\\diamonds\\contracts\\facets\\MowseFacet.sol","s":{"1":7,"2":16,"3":3,"4":3,"5":1,"6":1,"7":3,"8":3,"9":3,"10":0,"11":1,"12":1,"13":0,"14":0,"15":0,"16":12,"17":4},"b":{"1":[7,0],"2":[14,2],"3":[3,0],"4":[3,0],"5":[1,0],"6":[3,0],"7":[3,0],"8":[1,0],"9":[1,0],"10":[1,0],"11":[0,1],"12":[12,2]},"f":{"1":7,"2":16,"3":3,"4":1,"5":3,"6":0,"7":1,"8":1,"9":12,"10":4,"11":7},"fnMap":{"1":{"name":"notPaused","line":30,"loc":{"start":{"line":30,"column":2},"end":{"line":33,"column":2}}},"2":{"name":"mowseMustExist","line":34,"loc":{"start":{"line":34,"column":2},"end":{"line":37,"column":2}}},"3":{"name":"mintMowse","line":39,"loc":{"start":{"line":39,"column":2},"end":{"line":42,"column":2}}},"4":{"name":"freeMint","line":43,"loc":{"start":{"line":43,"column":2},"end":{"line":46,"column":2}}},"5":{"name":"mintMowsePack","line":48,"loc":{"start":{"line":48,"column":2},"end":{"line":53,"column":2}}},"6":{"name":"mowseExists","line":54,"loc":{"start":{"line":54,"column":2},"end":{"line":56,"column":2}}},"7":{"name":"isMowsePackUpdated","line":57,"loc":{"start":{"line":57,"column":2},"end":{"line":59,"column":2}}},"8":{"name":"updateMowsePack","line":61,"loc":{"start":{"line":61,"column":2},"end":{"line":70,"column":2}}},"9":{"name":"mowseTokenURI","line":71,"loc":{"start":{"line":71,"column":2},"end":{"line":73,"column":2}}},"10":{"name":"_mint","line":74,"loc":{"start":{"line":74,"column":2},"end":{"line":79,"column":2}}},"11":{"name":"_setupMowse","line":81,"loc":{"start":{"line":81,"column":2},"end":{"line":92,"column":2}}}},"statementMap":{"1":{"start":{"line":31,"column":4},"end":{"line":31,"column":46}},"2":{"start":{"line":35,"column":4},"end":{"line":35,"column":65}},"3":{"start":{"line":40,"column":4},"end":{"line":40,"column":107}},"4":{"start":{"line":41,"column":4},"end":{"line":41,"column":10}},"5":{"start":{"line":44,"column":4},"end":{"line":44,"column":105}},"6":{"start":{"line":45,"column":4},"end":{"line":45,"column":10}},"7":{"start":{"line":49,"column":4},"end":{"line":49,"column":107}},"8":{"start":{"line":50,"column":4},"end":{"line":50,"column":30}},"9":{"start":{"line":51,"column":4},"end":{"line":51,"column":63}},"10":{"start":{"line":55,"column":4},"end":{"line":55,"column":44}},"11":{"start":{"line":58,"column":4},"end":{"line":58,"column":48}},"12":{"start":{"line":62,"column":4},"end":{"line":62,"column":81}},"13":{"start":{"line":63,"column":4},"end":{"line":63,"column":26}},"14":{"start":{"line":67,"column":4},"end":{"line":67,"column":33}},"15":{"start":{"line":69,"column":4},"end":{"line":69,"column":73}},"16":{"start":{"line":72,"column":4},"end":{"line":72,"column":78}},"17":{"start":{"line":75,"column":4},"end":{"line":75,"column":43}}},"branchMap":{"1":{"line":31,"type":"if","locations":[{"start":{"line":31,"column":4},"end":{"line":31,"column":4}},{"start":{"line":31,"column":4},"end":{"line":31,"column":4}}]},"2":{"line":35,"type":"if","locations":[{"start":{"line":35,"column":4},"end":{"line":35,"column":4}},{"start":{"line":35,"column":4},"end":{"line":35,"column":4}}]},"3":{"line":39,"type":"if","locations":[{"start":{"line":39,"column":32},"end":{"line":39,"column":32}},{"start":{"line":39,"column":32},"end":{"line":39,"column":32}}]},"4":{"line":40,"type":"if","locations":[{"start":{"line":40,"column":4},"end":{"line":40,"column":4}},{"start":{"line":40,"column":4},"end":{"line":40,"column":4}}]},"5":{"line":44,"type":"if","locations":[{"start":{"line":44,"column":4},"end":{"line":44,"column":4}},{"start":{"line":44,"column":4},"end":{"line":44,"column":4}}]},"6":{"line":48,"type":"if","locations":[{"start":{"line":48,"column":55},"end":{"line":48,"column":55}},{"start":{"line":48,"column":55},"end":{"line":48,"column":55}}]},"7":{"line":49,"type":"if","locations":[{"start":{"line":49,"column":4},"end":{"line":49,"column":4}},{"start":{"line":49,"column":4},"end":{"line":49,"column":4}}]},"8":{"line":57,"type":"if","locations":[{"start":{"line":57,"column":61},"end":{"line":57,"column":61}},{"start":{"line":57,"column":61},"end":{"line":57,"column":61}}]},"9":{"line":61,"type":"if","locations":[{"start":{"line":61,"column":65},"end":{"line":61,"column":65}},{"start":{"line":61,"column":65},"end":{"line":61,"column":65}}]},"10":{"line":61,"type":"if","locations":[{"start":{"line":61,"column":89},"end":{"line":61,"column":89}},{"start":{"line":61,"column":89},"end":{"line":61,"column":89}}]},"11":{"line":62,"type":"if","locations":[{"start":{"line":62,"column":4},"end":{"line":62,"column":4}},{"start":{"line":62,"column":4},"end":{"line":62,"column":4}}]},"12":{"line":71,"type":"if","locations":[{"start":{"line":71,"column":56},"end":{"line":71,"column":56}},{"start":{"line":71,"column":56},"end":{"line":71,"column":56}}]}}},
"contracts\\facets\\MowseGamesFacet.sol":{"l":{"29":8,"30":8,"33":97,"34":96,"38":7,"39":7,"40":4,"41":5,"42":5,"43":5,"46":7,"55":8,"56":7,"58":7,"59":6,"61":6,"62":6,"63":6,"64":6,"65":2,"66":2,"68":6,"71":6,"72":4,"74":2,"76":6,"78":6,"81":0,"85":23,"86":16,"87":9,"89":2,"90":0,"92":0,"94":0,"96":2,"100":54,"101":54,"104":1,"105":1,"106":1,"108":1,"109":1,"110":1,"113":4,"115":4,"117":3,"119":2,"120":2,"121":2,"123":3},"path":"C:\\Users\\msarc\\Code\\MowseGame\\web3\\diamonds\\contracts\\facets\\MowseGamesFacet.sol","s":{"1":8,"2":97,"3":7,"4":7,"5":4,"6":5,"7":5,"8":7,"9":8,"10":7,"11":7,"12":6,"13":6,"14":6,"15":2,"16":6,"17":4,"18":2,"19":6,"20":23,"21":7,"22":16,"23":7,"24":9,"25":7,"26":2,"27":0,"28":2,"29":0,"30":2,"31":0,"32":54,"33":54,"34":1,"35":1,"36":1,"37":4,"38":4,"39":3},"b":{"1":[8,0],"2":[96,1],"3":[7,0],"4":[4,3],"5":[8,0],"6":[8,0],"7":[7,1],"8":[7,0],"9":[7,0],"10":[6,0],"11":[2,4],"12":[4,2],"13":[23,0],"14":[7,16],"15":[7,9],"16":[7,2],"17":[0,2],"18":[0,2],"19":[0,2],"20":[54,0],"21":[54,0],"22":[1,0],"23":[1,0],"24":[1,0],"25":[4,1],"26":[4,0],"27":[3,1],"28":[2,1]},"f":{"1":8,"2":97,"3":7,"4":8,"5":23,"6":54,"7":1,"8":4},"fnMap":{"1":{"name":"notPaused","line":28,"loc":{"start":{"line":28,"column":2},"end":{"line":31,"column":2}}},"2":{"name":"mowseGameExists","line":32,"loc":{"start":{"line":32,"column":2},"end":{"line":35,"column":2}}},"3":{"name":"getMowseGameData","line":37,"loc":{"start":{"line":37,"column":2},"end":{"line":53,"column":2}}},"4":{"name":"submitScore","line":54,"loc":{"start":{"line":54,"column":2},"end":{"line":83,"column":2}}},"5":{"name":"getNextAvailableScoreSubmit","line":84,"loc":{"start":{"line":84,"column":2},"end":{"line":98,"column":2}}},"6":{"name":"getScoreSubmitTime","line":99,"loc":{"start":{"line":99,"column":2},"end":{"line":102,"column":2}}},"7":{"name":"addMowseGame","line":103,"loc":{"start":{"line":103,"column":2},"end":{"line":111,"column":2}}},"8":{"name":"updateMowseGame","line":112,"loc":{"start":{"line":112,"column":2},"end":{"line":124,"column":2}}}},"statementMap":{"1":{"start":{"line":29,"column":4},"end":{"line":29,"column":46}},"2":{"start":{"line":33,"column":4},"end":{"line":33,"column":92}},"3":{"start":{"line":38,"column":4},"end":{"line":38,"column":96}},"4":{"start":{"line":39,"column":4},"end":{"line":39,"column":1746}},"5":{"start":{"line":40,"column":6},"end":{"line":40,"column":1811}},"6":{"start":{"line":41,"column":8},"end":{"line":41,"column":78}},"7":{"start":{"line":42,"column":8},"end":{"line":42,"column":81}},"8":{"start":{"line":46,"column":4},"end":{"line":46,"column":2202}},"9":{"start":{"line":55,"column":4},"end":{"line":55,"column":143}},"10":{"start":{"line":56,"column":4},"end":{"line":56,"column":148}},"11":{"start":{"line":58,"column":4},"end":{"line":58,"column":127}},"12":{"start":{"line":59,"column":4},"end":{"line":59,"column":2986}},"13":{"start":{"line":62,"column":6},"end":{"line":62,"column":99}},"14":{"start":{"line":64,"column":6},"end":{"line":64,"column":3377}},"15":{"start":{"line":65,"column":8},"end":{"line":65,"column":61}},"16":{"start":{"line":71,"column":6},"end":{"line":71,"column":3650}},"17":{"start":{"line":72,"column":8},"end":{"line":72,"column":37}},"18":{"start":{"line":74,"column":8},"end":{"line":74,"column":36}},"19":{"start":{"line":78,"column":6},"end":{"line":78,"column":69}},"20":{"start":{"line":85,"column":4},"end":{"line":85,"column":58}},"21":{"start":{"line":85,"column":50},"end":{"line":85,"column":58}},"22":{"start":{"line":86,"column":4},"end":{"line":86,"column":58}},"23":{"start":{"line":86,"column":50},"end":{"line":86,"column":58}},"24":{"start":{"line":87,"column":4},"end":{"line":87,"column":58}},"25":{"start":{"line":87,"column":50},"end":{"line":87,"column":58}},"26":{"start":{"line":89,"column":4},"end":{"line":89,"column":4414}},"27":{"start":{"line":90,"column":6},"end":{"line":90,"column":14}},"28":{"start":{"line":91,"column":11},"end":{"line":91,"column":4504}},"29":{"start":{"line":92,"column":6},"end":{"line":92,"column":14}},"30":{"start":{"line":93,"column":11},"end":{"line":93,"column":4594}},"31":{"start":{"line":94,"column":6},"end":{"line":94,"column":14}},"32":{"start":{"line":100,"column":4},"end":{"line":100,"column":58}},"33":{"start":{"line":101,"column":4},"end":{"line":101,"column":60}},"34":{"start":{"line":104,"column":4},"end":{"line":104,"column":129}},"35":{"start":{"line":105,"column":4},"end":{"line":105,"column":74}},"36":{"start":{"line":106,"column":4},"end":{"line":106,"column":99}},"37":{"start":{"line":113,"column":4},"end":{"line":113,"column":129}},"38":{"start":{"line":115,"column":4},"end":{"line":115,"column":99}},"39":{"start":{"line":117,"column":4},"end":{"line":117,"column":6011}}},"branchMap":{"1":{"line":29,"type":"if","locations":[{"start":{"line":29,"column":4},"end":{"line":29,"column":4}},{"start":{"line":29,"column":4},"end":{"line":29,"column":4}}]},"2":{"line":33,"type":"if","locations":[{"start":{"line":33,"column":4},"end":{"line":33,"column":4}},{"start":{"line":33,"column":4},"end":{"line":33,"column":4}}]},"3":{"line":37,"type":"if","locations":[{"start":{"line":37,"column":58},"end":{"line":37,"column":58}},{"start":{"line":37,"column":58},"end":{"line":37,"column":58}}]},"4":{"line":39,"type":"if","locations":[{"start":{"line":39,"column":4},"end":{"line":39,"column":4}},{"start":{"line":39,"column":4},"end":{"line":39,"column":4}}]},"5":{"line":54,"type":"if","locations":[{"start":{"line":54,"column":62},"end":{"line":54,"column":62}},{"start":{"line":54,"column":62},"end":{"line":54,"column":62}}]},"6":{"line":54,"type":"if","locations":[{"start":{"line":54,"column":86},"end":{"line":54,"column":86}},{"start":{"line":54,"column":86},"end":{"line":54,"column":86}}]},"7":{"line":55,"type":"if","locations":[{"start":{"line":55,"column":4},"end":{"line":55,"column":4}},{"start":{"line":55,"column":4},"end":{"line":55,"column":4}}]},"8":{"line":56,"type":"if","locations":[{"start":{"line":56,"column":4},"end":{"line":56,"column":4}},{"start":{"line":56,"column":4},"end":{"line":56,"column":4}}]},"9":{"line":56,"type":"cond-expr","locations":[{"start":{"line":56,"column":12},"end":{"line":56,"column":47}},{"start":{"line":56,"column":52},"end":{"line":56,"column":83}}]},"10":{"line":59,"type":"if","locations":[{"start":{"line":59,"column":4},"end":{"line":59,"column":4}},{"start":{"line":59,"column":4},"end":{"line":59,"column":4}}]},"11":{"line":64,"type":"if","locations":[{"start":{"line":64,"column":6},"end":{"line":64,"column":6}},{"start":{"line":64,"column":6},"end":{"line":64,"column":6}}]},"12":{"line":71,"type":"if","locations":[{"start":{"line":71,"column":6},"end":{"line":71,"column":6}},{"start":{"line":71,"column":6},"end":{"line":71,"column":6}}]},"13":{"line":84,"type":"if","locations":[{"start":{"line":84,"column":81},"end":{"line":84,"column":81}},{"start":{"line":84,"column":81},"end":{"line":84,"column":81}}]},"14":{"line":85,"type":"if","locations":[{"start":{"line":85,"column":4},"end":{"line":85,"column":4}},{"start":{"line":85,"column":4},"end":{"line":85,"column":4}}]},"15":{"line":86,"type":"if","locations":[{"start":{"line":86,"column":4},"end":{"line":86,"column":4}},{"start":{"line":86,"column":4},"end":{"line":86,"column":4}}]},"16":{"line":87,"type":"if","locations":[{"start":{"line":87,"column":4},"end":{"line":87,"column":4}},{"start":{"line":87,"column":4},"end":{"line":87,"column":4}}]},"17":{"line":89,"type":"if","locations":[{"start":{"line":89,"column":4},"end":{"line":89,"column":4}},{"start":{"line":89,"column":4},"end":{"line":89,"column":4}}]},"18":{"line":91,"type":"if","locations":[{"start":{"line":91,"column":11},"end":{"line":91,"column":11}},{"start":{"line":91,"column":11},"end":{"line":91,"column":11}}]},"19":{"line":93,"type":"if","locations":[{"start":{"line":93,"column":11},"end":{"line":93,"column":11}},{"start":{"line":93,"column":11},"end":{"line":93,"column":11}}]},"20":{"line":99,"type":"if","locations":[{"start":{"line":99,"column":89},"end":{"line":99,"column":89}},{"start":{"line":99,"column":89},"end":{"line":99,"column":89}}]},"21":{"line":100,"type":"if","locations":[{"start":{"line":100,"column":4},"end":{"line":100,"column":4}},{"start":{"line":100,"column":4},"end":{"line":100,"column":4}}]},"22":{"line":104,"type":"if","locations":[{"start":{"line":104,"column":4},"end":{"line":104,"column":4}},{"start":{"line":104,"column":4},"end":{"line":104,"column":4}}]},"23":{"line":105,"type":"if","locations":[{"start":{"line":105,"column":4},"end":{"line":105,"column":4}},{"start":{"line":105,"column":4},"end":{"line":105,"column":4}}]},"24":{"line":106,"type":"if","locations":[{"start":{"line":106,"column":4},"end":{"line":106,"column":4}},{"start":{"line":106,"column":4},"end":{"line":106,"column":4}}]},"25":{"line":112,"type":"if","locations":[{"start":{"line":112,"column":94},"end":{"line":112,"column":94}},{"start":{"line":112,"column":94},"end":{"line":112,"column":94}}]},"26":{"line":113,"type":"if","locations":[{"start":{"line":113,"column":4},"end":{"line":113,"column":4}},{"start":{"line":113,"column":4},"end":{"line":113,"column":4}}]},"27":{"line":115,"type":"if","locations":[{"start":{"line":115,"column":4},"end":{"line":115,"column":4}},{"start":{"line":115,"column":4},"end":{"line":115,"column":4}}]},"28":{"line":117,"type":"if","locations":[{"start":{"line":117,"column":4},"end":{"line":117,"column":4}},{"start":{"line":117,"column":4},"end":{"line":117,"column":4}}]}}},
"contracts\\facets\\MowseLootboxFacet.sol":{"l":{"31":8,"32":8,"35":7,"36":7,"37":12,"39":7,"42":8,"43":8,"44":8,"45":7,"46":6,"47":6,"49":6,"51":6,"53":6,"56":1,"58":1,"62":7,"63":7,"64":7,"66":7,"67":7,"68":7,"69":7,"71":7,"75":57,"78":57,"79":55,"80":55,"82":2,"84":1,"90":2,"94":2,"95":1,"98":2,"99":2,"100":1,"102":1,"107":1,"109":1,"110":1,"111":1,"112":1,"115":1,"118":4,"119":4,"122":0,"123":0,"126":1,"127":1,"128":0},"path":"C:\\Users\\msarc\\Code\\MowseGame\\web3\\diamonds\\contracts\\facets\\MowseLootboxFacet.sol","s":{"1":8,"2":7,"3":7,"4":7,"5":8,"6":8,"7":8,"8":7,"9":6,"10":6,"11":6,"12":6,"13":6,"14":1,"15":1,"16":7,"17":7,"18":7,"19":7,"20":7,"21":7,"22":7,"23":57,"24":57,"25":2,"26":2,"27":2,"28":1,"29":2,"30":2,"31":1,"32":1,"33":1,"34":1,"35":1,"36":4,"37":0,"38":1,"39":1},"b":{"1":[8,0],"2":[8,0],"3":[8,0],"4":[7,1],"5":[6,1],"6":[6,0],"7":[1,0],"8":[57,0],"9":[55,2],"10":[1,1],"11":[1,1],"12":[2,0],"13":[1,1],"14":[1,0],"15":[4,0],"16":[0,0],"17":[1,0],"18":[0,1]},"f":{"1":8,"2":7,"3":8,"4":1,"5":7,"6":57,"7":2,"8":2,"9":2,"10":1,"11":4,"12":0,"13":1},"fnMap":{"1":{"name":"notPaused","line":30,"loc":{"start":{"line":30,"column":2},"end":{"line":33,"column":2}}},"2":{"name":"getMowseLootboxData","line":34,"loc":{"start":{"line":34,"column":2},"end":{"line":40,"column":2}}},"3":{"name":"purchaseMowseLootbox","line":41,"loc":{"start":{"line":41,"column":2},"end":{"line":54,"column":2}}},"4":{"name":"stitchMowseLootbox","line":55,"loc":{"start":{"line":55,"column":2},"end":{"line":59,"column":2}}},"5":{"name":"randomlyMintLootboxItem","line":60,"loc":{"start":{"line":60,"column":2},"end":{"line":72,"column":2}}},"6":{"name":"updateMowseLootboxItem","line":74,"loc":{"start":{"line":74,"column":2},"end":{"line":86,"column":2}}},"7":{"name":"_prove","line":89,"loc":{"start":{"line":89,"column":2},"end":{"line":91,"column":2}}},"8":{"name":"getProofById","line":93,"loc":{"start":{"line":93,"column":2},"end":{"line":96,"column":2}}},"9":{"name":"proveById","line":97,"loc":{"start":{"line":97,"column":2},"end":{"line":104,"column":2}}},"10":{"name":"resetMowseLootbox","line":106,"loc":{"start":{"line":106,"column":2},"end":{"line":116,"column":2}}},"11":{"name":"setMowseLootboxActive","line":117,"loc":{"start":{"line":117,"column":2},"end":{"line":120,"column":2}}},"12":{"name":"setMowseLootboxPrice","line":121,"loc":{"start":{"line":121,"column":2},"end":{"line":124,"column":2}}},"13":{"name":"setMowseLootboxName","line":125,"loc":{"start":{"line":125,"column":2},"end":{"line":129,"column":2}}}},"statementMap":{"1":{"start":{"line":31,"column":4},"end":{"line":31,"column":46}},"2":{"start":{"line":35,"column":4},"end":{"line":35,"column":83}},"3":{"start":{"line":36,"column":4},"end":{"line":36,"column":1527}},"4":{"start":{"line":39,"column":4},"end":{"line":39,"column":123}},"5":{"start":{"line":42,"column":4},"end":{"line":42,"column":59}},"6":{"start":{"line":43,"column":4},"end":{"line":43,"column":96}},"7":{"start":{"line":44,"column":4},"end":{"line":44,"column":82}},"8":{"start":{"line":45,"column":4},"end":{"line":45,"column":90}},"9":{"start":{"line":46,"column":4},"end":{"line":46,"column":152}},"10":{"start":{"line":47,"column":4},"end":{"line":47,"column":66}},"11":{"start":{"line":49,"column":4},"end":{"line":49,"column":45}},"12":{"start":{"line":51,"column":4},"end":{"line":51,"column":64}},"13":{"start":{"line":53,"column":4},"end":{"line":53,"column":73}},"14":{"start":{"line":56,"column":4},"end":{"line":56,"column":129}},"15":{"start":{"line":58,"column":4},"end":{"line":58,"column":38}},"16":{"start":{"line":62,"column":4},"end":{"line":62,"column":138}},"17":{"start":{"line":63,"column":4},"end":{"line":63,"column":66}},"18":{"start":{"line":66,"column":4},"end":{"line":66,"column":87}},"19":{"start":{"line":67,"column":4},"end":{"line":67,"column":86}},"20":{"start":{"line":68,"column":4},"end":{"line":68,"column":90}},"21":{"start":{"line":69,"column":4},"end":{"line":69,"column":93}},"22":{"start":{"line":71,"column":4},"end":{"line":71,"column":86}},"23":{"start":{"line":75,"column":4},"end":{"line":75,"column":129}},"24":{"start":{"line":78,"column":4},"end":{"line":78,"column":4253}},"25":{"start":{"line":82,"column":6},"end":{"line":82,"column":118}},"26":{"start":{"line":90,"column":4},"end":{"line":90,"column":104}},"27":{"start":{"line":94,"column":4},"end":{"line":94,"column":106}},"28":{"start":{"line":95,"column":4},"end":{"line":95,"column":133}},"29":{"start":{"line":98,"column":4},"end":{"line":98,"column":106}},"30":{"start":{"line":99,"column":4},"end":{"line":99,"column":5414}},"31":{"start":{"line":100,"column":6},"end":{"line":100,"column":17}},"32":{"start":{"line":102,"column":6},"end":{"line":102,"column":18}},"33":{"start":{"line":107,"column":4},"end":{"line":107,"column":129}},"34":{"start":{"line":110,"column":4},"end":{"line":110,"column":66}},"35":{"start":{"line":111,"column":4},"end":{"line":111,"column":5893}},"36":{"start":{"line":118,"column":4},"end":{"line":118,"column":129}},"37":{"start":{"line":122,"column":4},"end":{"line":122,"column":129}},"38":{"start":{"line":126,"column":4},"end":{"line":126,"column":129}},"39":{"start":{"line":127,"column":4},"end":{"line":127,"column":75}}},"branchMap":{"1":{"line":31,"type":"if","locations":[{"start":{"line":31,"column":4},"end":{"line":31,"column":4}},{"start":{"line":31,"column":4},"end":{"line":31,"column":4}}]},"2":{"line":41,"type":"if","locations":[{"start":{"line":41,"column":54},"end":{"line":41,"column":54}},{"start":{"line":41,"column":54},"end":{"line":41,"column":54}}]},"3":{"line":43,"type":"if","locations":[{"start":{"line":43,"column":4},"end":{"line":43,"column":4}},{"start":{"line":43,"column":4},"end":{"line":43,"column":4}}]},"4":{"line":44,"type":"if","locations":[{"start":{"line":44,"column":4},"end":{"line":44,"column":4}},{"start":{"line":44,"column":4},"end":{"line":44,"column":4}}]},"5":{"line":45,"type":"if","locations":[{"start":{"line":45,"column":4},"end":{"line":45,"column":4}},{"start":{"line":45,"column":4},"end":{"line":45,"column":4}}]},"6":{"line":46,"type":"if","locations":[{"start":{"line":46,"column":4},"end":{"line":46,"column":4}},{"start":{"line":46,"column":4},"end":{"line":46,"column":4}}]},"7":{"line":56,"type":"if","locations":[{"start":{"line":56,"column":4},"end":{"line":56,"column":4}},{"start":{"line":56,"column":4},"end":{"line":56,"column":4}}]},"8":{"line":75,"type":"if","locations":[{"start":{"line":75,"column":4},"end":{"line":75,"column":4}},{"start":{"line":75,"column":4},"end":{"line":75,"column":4}}]},"9":{"line":78,"type":"if","locations":[{"start":{"line":78,"column":4},"end":{"line":78,"column":4}},{"start":{"line":78,"column":4},"end":{"line":78,"column":4}}]},"10":{"line":82,"type":"if","locations":[{"start":{"line":82,"column":6},"end":{"line":82,"column":6}},{"start":{"line":82,"column":6},"end":{"line":82,"column":6}}]},"11":{"line":94,"type":"if","locations":[{"start":{"line":94,"column":4},"end":{"line":94,"column":4}},{"start":{"line":94,"column":4},"end":{"line":94,"column":4}}]},"12":{"line":98,"type":"if","locations":[{"start":{"line":98,"column":4},"end":{"line":98,"column":4}},{"start":{"line":98,"column":4},"end":{"line":98,"column":4}}]},"13":{"line":99,"type":"if","locations":[{"start":{"line":99,"column":4},"end":{"line":99,"column":4}},{"start":{"line":99,"column":4},"end":{"line":99,"column":4}}]},"14":{"line":107,"type":"if","locations":[{"start":{"line":107,"column":4},"end":{"line":107,"column":4}},{"start":{"line":107,"column":4},"end":{"line":107,"column":4}}]},"15":{"line":118,"type":"if","locations":[{"start":{"line":118,"column":4},"end":{"line":118,"column":4}},{"start":{"line":118,"column":4},"end":{"line":118,"column":4}}]},"16":{"line":122,"type":"if","locations":[{"start":{"line":122,"column":4},"end":{"line":122,"column":4}},{"start":{"line":122,"column":4},"end":{"line":122,"column":4}}]},"17":{"line":126,"type":"if","locations":[{"start":{"line":126,"column":4},"end":{"line":126,"column":4}},{"start":{"line":126,"column":4},"end":{"line":126,"column":4}}]},"18":{"line":127,"type":"if","locations":[{"start":{"line":127,"column":4},"end":{"line":127,"column":4}},{"start":{"line":127,"column":4},"end":{"line":127,"column":4}}]}}},
"contracts\\facets\\MowseVisualizerFacet.sol":{"l":{"31":12,"51":15,"70":0,"89":20,"90":19,"110":12,"113":12,"116":12,"123":12,"128":12,"133":12,"140":72,"147":72,"157":12,"162":12,"167":12,"172":12,"178":12,"179":12,"180":7,"181":7,"184":5,"185":5,"187":5,"194":144,"195":144,"205":24,"206":24,"208":24,"233":24,"234":24,"235":24,"236":24,"248":24,"259":24,"262":60,"284":12,"287":12,"295":12,"303":12,"313":144,"314":144,"338":95},"path":"C:\\Users\\msarc\\Code\\MowseGame\\web3\\diamonds\\contracts\\facets\\MowseVisualizerFacet.sol","s":{"1":12,"2":15,"3":0,"4":20,"5":19,"6":12,"7":12,"8":12,"9":12,"10":12,"11":12,"12":72,"13":72,"14":12,"15":12,"16":12,"17":12,"18":12,"19":12,"20":7,"21":7,"22":5,"23":5,"24":144,"25":144,"26":24,"27":24,"28":24,"29":24,"30":24,"31":24,"32":24,"33":24,"34":24,"35":60,"36":12,"37":12,"38":12,"39":12,"40":144,"41":144,"42":95},"b":{"1":[19,1],"2":[7,5],"3":[3,2],"4":[9,135],"5":[9,135]},"f":{"1":12,"2":15,"3":0,"4":20,"5":12,"6":12,"7":12,"8":12,"9":72,"10":72,"11":12,"12":144,"13":24,"14":24,"15":24,"16":60,"17":12,"18":12,"19":144,"20":95},"fnMap":{"1":{"name":"getMowseTokenURI","line":30,"loc":{"start":{"line":30,"column":2},"end":{"line":49,"column":2}}},"2":{"name":"getMowseWearTokenURI","line":50,"loc":{"start":{"line":50,"column":2},"end":{"line":68,"column":2}}},"3":{"name":"getMowseWearImageFromDictionary","line":69,"loc":{"start":{"line":69,"column":2},"end":{"line":87,"column":2}}},"4":{"name":"getMowseWearImage","line":88,"loc":{"start":{"line":88,"column":2},"end":{"line":107,"column":2}}},"5":{"name":"_getNameJSON","line":109,"loc":{"start":{"line":109,"column":2},"end":{"line":111,"column":2}}},"6":{"name":"_getGenerationJSON","line":112,"loc":{"start":{"line":112,"column":2},"end":{"line":114,"column":2}}},"7":{"name":"_getSkillLevelBoostsJSON","line":115,"loc":{"start":{"line":115,"column":2},"end":{"line":121,"column":2}}},"8":{"name":"_getBaseAttributesJSON","line":122,"loc":{"start":{"line":122,"column":2},"end":{"line":134,"column":2}}},"9":{"name":"_getBaseAttributeJSON","line":135,"loc":{"start":{"line":135,"column":2},"end":{"line":145,"column":2}}},"10":{"name":"_getMowseWearBaseAttributeJSON","line":146,"loc":{"start":{"line":146,"column":2},"end":{"line":155,"column":2}}},"11":{"name":"_getWearableAttributesJSON","line":156,"loc":{"start":{"line":156,"column":2},"end":{"line":188,"column":2}}},"12":{"name":"_getAttributeJSON","line":189,"loc":{"start":{"line":189,"column":2},"end":{"line":202,"column":2}}},"13":{"name":"_getMowseWearAttributeJSON","line":204,"loc":{"start":{"line":204,"column":2},"end":{"line":231,"column":2}}},"14":{"name":"_getTraitFrequency","line":232,"loc":{"start":{"line":232,"column":2},"end":{"line":246,"column":2}}},"15":{"name":"_getBonusStatsJSON","line":247,"loc":{"start":{"line":247,"column":2},"end":{"line":260,"column":2}}},"16":{"name":"_convertSkillStaticArrayToParts","line":261,"loc":{"start":{"line":261,"column":2},"end":{"line":282,"column":2}}},"17":{"name":"_getMowseImageJSON","line":283,"loc":{"start":{"line":283,"column":2},"end":{"line":285,"column":2}}},"18":{"name":"_getSVG","line":286,"loc":{"start":{"line":286,"column":2},"end":{"line":310,"column":4}}},"19":{"name":"_getSvgLayer","line":312,"loc":{"start":{"line":312,"column":4},"end":{"line":331,"column":4}}},"20":{"name":"_getMowseWearImageJSON","line":332,"loc":{"start":{"line":332,"column":4},"end":{"line":370,"column":4}}}},"statementMap":{"1":{"start":{"line":31,"column":4},"end":{"line":31,"column":1314}},"2":{"start":{"line":51,"column":4},"end":{"line":51,"column":1953}},"3":{"start":{"line":70,"column":4},"end":{"line":70,"column":2643}},"4":{"start":{"line":89,"column":4},"end":{"line":89,"column":109}},"5":{"start":{"line":90,"column":4},"end":{"line":90,"column":3727}},"6":{"start":{"line":110,"column":4},"end":{"line":110,"column":103}},"7":{"start":{"line":113,"column":4},"end":{"line":113,"column":97}},"8":{"start":{"line":116,"column":4},"end":{"line":116,"column":5196}},"9":{"start":{"line":123,"column":4},"end":{"line":123,"column":5450}},"10":{"start":{"line":128,"column":4},"end":{"line":128,"column":5633}},"11":{"start":{"line":133,"column":4},"end":{"line":133,"column":88}},"12":{"start":{"line":140,"column":4},"end":{"line":140,"column":6056}},"13":{"start":{"line":147,"column":4},"end":{"line":147,"column":6320}},"14":{"start":{"line":157,"column":4},"end":{"line":157,"column":6690}},"15":{"start":{"line":162,"column":4},"end":{"line":162,"column":6879}},"16":{"start":{"line":167,"column":4},"end":{"line":167,"column":7067}},"17":{"start":{"line":172,"column":4},"end":{"line":172,"column":7257}},"18":{"start":{"line":178,"column":4},"end":{"line":178,"column":54}},"19":{"start":{"line":179,"column":4},"end":{"line":179,"column":7561}},"20":{"start":{"line":180,"column":6},"end":{"line":180,"column":31}},"21":{"start":{"line":181,"column":6},"end":{"line":181,"column":54}},"22":{"start":{"line":184,"column":4},"end":{"line":184,"column":112}},"23":{"start":{"line":187,"column":4},"end":{"line":187,"column":74}},"24":{"start":{"line":194,"column":4},"end":{"line":194,"column":90}},"25":{"start":{"line":195,"column":4},"end":{"line":195,"column":8522}},"26":{"start":{"line":205,"column":4},"end":{"line":205,"column":74}},"27":{"start":{"line":206,"column":4},"end":{"line":206,"column":77}},"28":{"start":{"line":208,"column":4},"end":{"line":208,"column":8970}},"29":{"start":{"line":233,"column":4},"end":{"line":233,"column":142}},"30":{"start":{"line":234,"column":4},"end":{"line":234,"column":38}},"31":{"start":{"line":235,"column":4},"end":{"line":235,"column":41}},"32":{"start":{"line":236,"column":4},"end":{"line":236,"column":10163}},"33":{"start":{"line":248,"column":4},"end":{"line":248,"column":10600}},"34":{"start":{"line":259,"column":4},"end":{"line":259,"column":21}},"35":{"start":{"line":262,"column":4},"end":{"line":262,"column":11173}},"36":{"start":{"line":284,"column":4},"end":{"line":284,"column":113}},"37":{"start":{"line":287,"column":4},"end":{"line":287,"column":12118}},"38":{"start":{"line":295,"column":4},"end":{"line":295,"column":12410}},"39":{"start":{"line":303,"column":4},"end":{"line":303,"column":12708}},"40":{"start":{"line":313,"column":4},"end":{"line":313,"column":90}},"41":{"start":{"line":314,"column":4},"end":{"line":314,"column":13377}},"42":{"start":{"line":338,"column":8},"end":{"line":338,"column":14202}}},"branchMap":{"1":{"line":89,"type":"if","locations":[{"start":{"line":89,"column":4},"end":{"line":89,"column":4}},{"start":{"line":89,"column":4},"end":{"line":89,"column":4}}]},"2":{"line":179,"type":"if","locations":[{"start":{"line":179,"column":4},"end":{"line":179,"column":4}},{"start":{"line":179,"column":4},"end":{"line":179,"column":4}}]},"3":{"line":185,"type":"if","locations":[{"start":{"line":185,"column":130},"end":{"line":185,"column":212}},{"start":{"line":185,"column":216},"end":{"line":185,"column":231}}]},"4":{"line":197,"type":"if","locations":[{"start":{"line":197,"column":10},"end":{"line":200,"column":8}},{"start":{"line":201,"column":10},"end":{"line":201,"column":18}}]},"5":{"line":316,"type":"if","locations":[{"start":{"line":316,"column":10},"end":{"line":321,"column":11}},{"start":{"line":322,"column":10},"end":{"line":330,"column":21}}]}}},
"contracts\\facets\\MowseWalletFacet.sol":{"l":{},"path":"C:\\Users\\msarc\\Code\\MowseGame\\web3\\diamonds\\contracts\\facets\\MowseWalletFacet.sol","s":{},"b":{},"f":{},"fnMap":{},"statementMap":{},"branchMap":{}},
"contracts\\facets\\MowseWearFacet.sol":{"l":{"40":32,"41":31,"44":26,"45":26,"48":18,"50":15,"53":18,"54":15,"59":5,"60":5,"63":5,"64":5,"65":5,"67":5,"69":5,"70":5,"73":5,"74":5,"75":5,"76":5,"78":5,"81":2,"83":2,"84":1,"85":1,"87":1,"89":1,"90":1,"91":1,"93":1,"96":3,"97":0,"98":0,"99":0,"100":0,"101":0,"104":5,"105":4,"106":4,"108":4,"109":1,"110":1,"111":1,"113":3,"114":3,"115":3,"117":4,"119":4,"122":26,"123":24,"124":23,"125":23,"127":23,"128":23,"130":23,"132":23,"133":23,"134":23,"137":9,"138":9,"139":108,"140":108,"141":5,"142":5,"143":5,"146":9,"149":9,"151":7,"154":0,"155":0,"156":0,"157":0,"158":0,"159":0,"163":1,"164":2,"191":28,"192":28,"193":28,"194":27,"195":27,"196":27,"197":27,"212":27,"214":27,"216":27,"218":27,"221":27,"222":27,"224":27,"239":2,"240":1,"241":1,"242":1,"243":1,"258":15,"261":20,"264":2,"265":2,"266":1,"268":1,"270":1,"272":0,"274":1,"275":1,"276":1,"277":1,"278":1,"279":1,"280":1,"281":1,"282":1,"283":1,"286":1,"290":28,"292":28,"293":28,"294":28,"295":28,"296":28,"297":28,"298":28,"301":28,"302":28,"303":28,"304":28,"305":28,"306":28,"309":28,"310":28,"311":28,"312":28,"313":28,"314":28,"317":28,"318":28,"319":28,"320":28,"321":28,"322":28,"323":28,"324":28,"325":28,"326":28,"327":28,"343":28,"344":28,"345":28,"346":28,"347":28,"348":28,"349":28,"350":28,"351":28,"352":28,"353":28,"354":28,"355":28,"358":29,"359":29,"360":29,"361":15,"363":6,"365":7,"367":0,"369":1,"371":0,"374":29,"375":3,"377":29,"379":29,"380":204,"381":204,"383":204,"384":204,"385":149,"387":55,"390":29,"391":29,"392":29,"393":29,"394":29,"395":29,"396":29,"397":29,"399":29,"402":18,"403":18,"405":216,"406":13,"407":91,"408":91,"413":18},"path":"C:\\Users\\msarc\\Code\\MowseGame\\web3\\diamonds\\contracts\\facets\\MowseWearFacet.sol","s":{"1":32,"2":26,"3":18,"4":18,"5":5,"6":5,"7":5,"8":5,"9":5,"10":5,"11":2,"12":2,"13":1,"14":1,"15":1,"16":1,"17":3,"18":3,"19":0,"20":0,"21":0,"22":0,"23":0,"24":0,"25":0,"26":0,"27":0,"28":0,"29":5,"30":4,"31":4,"32":4,"33":4,"34":4,"35":26,"36":24,"37":23,"38":23,"39":23,"40":23,"41":9,"42":9,"43":108,"44":108,"45":9,"46":9,"47":7,"48":0,"49":0,"50":0,"51":0,"52":0,"53":0,"54":1,"55":2,"56":28,"57":28,"58":28,"59":27,"60":27,"61":27,"62":27,"63":27,"64":27,"65":27,"66":27,"67":2,"68":1,"69":1,"70":1,"71":1,"72":15,"73":20,"74":2,"75":2,"76":1,"77":1,"78":1,"79":0,"80":1,"81":1,"82":28,"83":28,"84":28,"85":28,"86":29,"87":29,"88":29,"89":14,"90":8,"91":1,"92":1,"93":0,"94":29,"95":29,"96":29,"97":204,"98":204,"99":204,"100":29,"101":29,"102":18,"103":18,"104":216,"105":13},"b":{"1":[31,1],"2":[26,0],"3":[15,3],"4":[15,3],"5":[5,0],"6":[5,0],"7":[3,0],"8":[3,0],"9":[2,1],"10":[2,0],"11":[1,1],"12":[0,1],"13":[0,1],"14":[3,0],"15":[0,0],"16":[0,0],"17":[0,0],"18":[0,0],"19":[0,0],"20":[5,1],"21":[1,4],"22":[1,3],"23":[26,0],"24":[24,2],"25":[23,1],"26":[9,0],"27":[5,103],"28":[7,2],"29":[0,0],"30":[1,0],"31":[28,1],"32":[28,0],"33":[27,1],"34":[27,0],"35":[2,0],"36":[1,1],"37":[1,0],"38":[1,0],"39":[15,3],"40":[2,1],"41":[2,0],"42":[1,1],"43":[1,0],"44":[0,1],"45":[15,14],"46":[6,8],"47":[7,1],"48":[0,1],"49":[1,0],"50":[0,0],"51":[3,26],"52":[149,55],"53":[13,203]},"f":{"1":32,"2":26,"3":18,"4":18,"5":5,"6":2,"7":3,"8":5,"9":26,"10":9,"11":9,"12":0,"13":1,"14":28,"15":2,"16":15,"17":20,"18":2,"19":28,"20":28,"21":29,"22":18},"fnMap":{"1":{"name":"onlyAdmin","line":39,"loc":{"start":{"line":39,"column":2},"end":{"line":42,"column":2}}},"2":{"name":"notPaused","line":43,"loc":{"start":{"line":43,"column":2},"end":{"line":46,"column":2}}},"3":{"name":"mowseWearMustExist","line":47,"loc":{"start":{"line":47,"column":2},"end":{"line":51,"column":2}}},"4":{"name":"ownsMowseWear","line":52,"loc":{"start":{"line":52,"column":2},"end":{"line":55,"column":2}}},"5":{"name":"mintAndWearMowseWear","line":58,"loc":{"start":{"line":58,"column":2},"end":{"line":79,"column":2}}},"6":{"name":"stitchMowseWear","line":80,"loc":{"start":{"line":80,"column":2},"end":{"line":94,"column":2}}},"7":{"name":"getDurabilityDays","line":95,"loc":{"start":{"line":95,"column":2},"end":{"line":102,"column":2}}},"8":{"name":"wearMowseWear","line":103,"loc":{"start":{"line":103,"column":2},"end":{"line":120,"column":2}}},"9":{"name":"mintMowseWear","line":121,"loc":{"start":{"line":121,"column":2},"end":{"line":135,"column":2}}},"10":{"name":"unequipAllMowseWear","line":136,"loc":{"start":{"line":136,"column":2},"end":{"line":147,"column":2}}},"11":{"name":"getMowseWearNameFromDictionary","line":148,"loc":{"start":{"line":148,"column":2},"end":{"line":152,"column":2}}},"12":{"name":"getMowseWearByDictionaryIndex","line":153,"loc":{"start":{"line":153,"column":2},"end":{"line":160,"column":2}}},"13":{"name":"bulkAddMowseWearToDictionary","line":162,"loc":{"start":{"line":162,"column":2},"end":{"line":177,"column":2}}},"14":{"name":"addMowseWearToDictionary","line":190,"loc":{"start":{"line":178,"column":2},"end":{"line":225,"column":2}}},"15":{"name":"updateMowseWearDictionary","line":238,"loc":{"start":{"line":226,"column":2},"end":{"line":256,"column":2}}},"16":{"name":"tokenURI","line":257,"loc":{"start":{"line":257,"column":2},"end":{"line":259,"column":2}}},"17":{"name":"mowseWearExists","line":260,"loc":{"start":{"line":260,"column":2},"end":{"line":262,"column":2}}},"18":{"name":"hemMowseWear","line":263,"loc":{"start":{"line":263,"column":2},"end":{"line":287,"column":2}}},"19":{"name":"_setupMowseWear","line":288,"loc":{"start":{"line":288,"column":2},"end":{"line":328,"column":2}}},"20":{"name":"_updateMowseWearDictionary","line":329,"loc":{"start":{"line":329,"column":2},"end":{"line":356,"column":2}}},"21":{"name":"_setupBonuses","line":357,"loc":{"start":{"line":357,"column":2},"end":{"line":400,"column":2}}},"22":{"name":"_updateMowseStats","line":401,"loc":{"start":{"line":401,"column":2},"end":{"line":414,"column":2}}}},"statementMap":{"1":{"start":{"line":40,"column":4},"end":{"line":40,"column":98}},"2":{"start":{"line":44,"column":4},"end":{"line":44,"column":46}},"3":{"start":{"line":48,"column":4},"end":{"line":48,"column":70}},"4":{"start":{"line":53,"column":4},"end":{"line":53,"column":88}},"5":{"start":{"line":59,"column":4},"end":{"line":59,"column":119}},"6":{"start":{"line":60,"column":4},"end":{"line":60,"column":122}},"7":{"start":{"line":63,"column":4},"end":{"line":63,"column":66}},"8":{"start":{"line":64,"column":4},"end":{"line":64,"column":37}},"9":{"start":{"line":67,"column":4},"end":{"line":67,"column":69}},"10":{"start":{"line":76,"column":4},"end":{"line":76,"column":29}},"11":{"start":{"line":81,"column":4},"end":{"line":81,"column":195}},"12":{"start":{"line":83,"column":4},"end":{"line":83,"column":149}},"13":{"start":{"line":84,"column":4},"end":{"line":84,"column":149}},"14":{"start":{"line":85,"column":4},"end":{"line":85,"column":149}},"15":{"start":{"line":87,"column":4},"end":{"line":87,"column":72}},"16":{"start":{"line":93,"column":4},"end":{"line":93,"column":73}},"17":{"start":{"line":96,"column":4},"end":{"line":96,"column":75}},"18":{"start":{"line":96,"column":62},"end":{"line":96,"column":75}},"19":{"start":{"line":97,"column":4},"end":{"line":97,"column":75}},"20":{"start":{"line":97,"column":62},"end":{"line":97,"column":75}},"21":{"start":{"line":98,"column":4},"end":{"line":98,"column":75}},"22":{"start":{"line":98,"column":62},"end":{"line":98,"column":75}},"23":{"start":{"line":99,"column":4},"end":{"line":99,"column":75}},"24":{"start":{"line":99,"column":62},"end":{"line":99,"column":75}},"25":{"start":{"line":100,"column":4},"end":{"line":100,"column":75}},"26":{"start":{"line":100,"column":62},"end":{"line":100,"column":75}},"27":{"start":{"line":101,"column":4},"end":{"line":101,"column":75}},"28":{"start":{"line":101,"column":62},"end":{"line":101,"column":75}},"29":{"start":{"line":104,"column":4},"end":{"line":104,"column":146}},"30":{"start":{"line":105,"column":4},"end":{"line":105,"column":69}},"31":{"start":{"line":106,"column":4},"end":{"line":106,"column":105}},"32":{"start":{"line":108,"column":4},"end":{"line":108,"column":6067}},"33":{"start":{"line":117,"column":4},"end":{"line":117,"column":29}},"34":{"start":{"line":119,"column":4},"end":{"line":119,"column":73}},"35":{"start":{"line":122,"column":4},"end":{"line":122,"column":119}},"36":{"start":{"line":123,"column":4},"end":{"line":123,"column":122}},"37":{"start":{"line":124,"column":4},"end":{"line":124,"column":66}},"38":{"start":{"line":125,"column":4},"end":{"line":125,"column":60}},"39":{"start":{"line":127,"column":4},"end":{"line":127,"column":37}},"40":{"start":{"line":130,"column":4},"end":{"line":130,"column":77}},"41":{"start":{"line":137,"column":4},"end":{"line":137,"column":127}},"42":{"start":{"line":138,"column":4},"end":{"line":138,"column":7674}},"43":{"start":{"line":139,"column":6},"end":{"line":139,"column":92}},"44":{"start":{"line":140,"column":6},"end":{"line":140,"column":7831}},"45":{"start":{"line":146,"column":4},"end":{"line":146,"column":29}},"46":{"start":{"line":149,"column":4},"end":{"line":149,"column":122}},"47":{"start":{"line":151,"column":4},"end":{"line":151,"column":68}},"48":{"start":{"line":154,"column":4},"end":{"line":154,"column":87}},"49":{"start":{"line":155,"column":4},"end":{"line":155,"column":83}},"50":{"start":{"line":156,"column":4},"end":{"line":156,"column":80}},"51":{"start":{"line":157,"column":4},"end":{"line":157,"column":83}},"52":{"start":{"line":158,"column":4},"end":{"line":158,"column":122}},"53":{"start":{"line":159,"column":4},"end":{"line":159,"column":24}},"54":{"start":{"line":163,"column":4},"end":{"line":163,"column":9256}},"55":{"start":{"line":164,"column":6},"end":{"line":164,"column":9354}},"56":{"start":{"line":191,"column":6},"end":{"line":191,"column":61}},"57":{"start":{"line":192,"column":6},"end":{"line":192,"column":80}},"58":{"start":{"line":193,"column":6},"end":{"line":193,"column":75}},"59":{"start":{"line":194,"column":6},"end":{"line":194,"column":78}},"60":{"start":{"line":195,"column":6},"end":{"line":195,"column":55}},"61":{"start":{"line":196,"column":6},"end":{"line":196,"column":61}},"62":{"start":{"line":197,"column":6},"end":{"line":197,"column":10550}},"63":{"start":{"line":212,"column":6},"end":{"line":212,"column":10913}},"64":{"start":{"line":216,"column":8},"end":{"line":216,"column":98}},"65":{"start":{"line":218,"column":8},"end":{"line":218,"column":105}},"66":{"start":{"line":224,"column":6},"end":{"line":224,"column":61}},"67":{"start":{"line":239,"column":6},"end":{"line":239,"column":124}},"68":{"start":{"line":240,"column":6},"end":{"line":240,"column":80}},"69":{"start":{"line":241,"column":6},"end":{"line":241,"column":75}},"70":{"start":{"line":242,"column":6},"end":{"line":242,"column":95}},"71":{"start":{"line":243,"column":6},"end":{"line":243,"column":12342}},"72":{"start":{"line":258,"column":4},"end":{"line":258,"column":91}},"73":{"start":{"line":261,"column":4},"end":{"line":261,"column":36}},"74":{"start":{"line":264,"column":4},"end":{"line":264,"column":106}},"75":{"start":{"line":265,"column":4},"end":{"line":265,"column":124}},"76":{"start":{"line":266,"column":4},"end":{"line":266,"column":141}},"77":{"start":{"line":268,"column":4},"end":{"line":268,"column":75}},"78":{"start":{"line":270,"column":4},"end":{"line":270,"column":13583}},"79":{"start":{"line":272,"column":6},"end":{"line":272,"column":28}},"80":{"start":{"line":274,"column":6},"end":{"line":274,"column":138}},"81":{"start":{"line":286,"column":4},"end":{"line":286,"column":73}},"82":{"start":{"line":290,"column":4},"end":{"line":290,"column":91}},"83":{"start":{"line":317,"column":4},"end":{"line":317,"column":75}},"84":{"start":{"line":318,"column":4},"end":{"line":318,"column":144}},"85":{"start":{"line":343,"column":6},"end":{"line":343,"column":90}},"86":{"start":{"line":358,"column":4},"end":{"line":358,"column":20}},"87":{"start":{"line":359,"column":4},"end":{"line":359,"column":44}},"88":{"start":{"line":360,"column":4},"end":{"line":360,"column":19368}},"89":{"start":{"line":362,"column":11},"end":{"line":362,"column":19464}},"90":{"start":{"line":364,"column":11},"end":{"line":364,"column":19561}},"91":{"start":{"line":366,"column":11},"end":{"line":366,"column":19658}},"92":{"start":{"line":368,"column":11},"end":{"line":368,"column":19755}},"93":{"start":{"line":370,"column":11},"end":{"line":370,"column":19853}},"94":{"start":{"line":374,"column":4},"end":{"line":374,"column":20002}},"95":{"start":{"line":377,"column":4},"end":{"line":377,"column":36}},"96":{"start":{"line":379,"column":4},"end":{"line":379,"column":20148}},"97":{"start":{"line":381,"column":6},"end":{"line":381,"column":54}},"98":{"start":{"line":383,"column":6},"end":{"line":383,"column":41}},"99":{"start":{"line":384,"column":6},"end":{"line":384,"column":20392}},"100":{"start":{"line":390,"column":4},"end":{"line":390,"column":42}},"101":{"start":{"line":399,"column":4},"end":{"line":399,"column":54}},"102":{"start":{"line":402,"column":4},"end":{"line":402,"column":38}},"103":{"start":{"line":403,"column":4},"end":{"line":403,"column":21068}},"104":{"start":{"line":405,"column":6},"end":{"line":405,"column":21177}},"105":{"start":{"line":406,"column":8},"end":{"line":406,"column":21252}}},"branchMap":{"1":{"line":40,"type":"if","locations":[{"start":{"line":40,"column":4},"end":{"line":40,"column":4}},{"start":{"line":40,"column":4},"end":{"line":40,"column":4}}]},"2":{"line":44,"type":"if","locations":[{"start":{"line":44,"column":4},"end":{"line":44,"column":4}},{"start":{"line":44,"column":4},"end":{"line":44,"column":4}}]},"3":{"line":48,"type":"if","locations":[{"start":{"line":48,"column":4},"end":{"line":48,"column":4}},{"start":{"line":48,"column":4},"end":{"line":48,"column":4}}]},"4":{"line":53,"type":"if","locations":[{"start":{"line":53,"column":4},"end":{"line":53,"column":4}},{"start":{"line":53,"column":4},"end":{"line":53,"column":4}}]},"5":{"line":59,"type":"if","locations":[{"start":{"line":59,"column":4},"end":{"line":59,"column":4}},{"start":{"line":59,"column":4},"end":{"line":59,"column":4}}]},"6":{"line":60,"type":"if","locations":[{"start":{"line":60,"column":4},"end":{"line":60,"column":4}},{"start":{"line":60,"column":4},"end":{"line":60,"column":4}}]},"7":{"line":80,"type":"if","locations":[{"start":{"line":80,"column":102},"end":{"line":80,"column":102}},{"start":{"line":80,"column":102},"end":{"line":80,"column":102}}]},"8":{"line":80,"type":"if","locations":[{"start":{"line":80,"column":130},"end":{"line":80,"column":130}},{"start":{"line":80,"column":130},"end":{"line":80,"column":130}}]},"9":{"line":80,"type":"if","locations":[{"start":{"line":80,"column":158},"end":{"line":80,"column":158}},{"start":{"line":80,"column":158},"end":{"line":80,"column":158}}]},"10":{"line":81,"type":"if","locations":[{"start":{"line":81,"column":4},"end":{"line":81,"column":4}},{"start":{"line":81,"column":4},"end":{"line":81,"column":4}}]},"11":{"line":83,"type":"if","locations":[{"start":{"line":83,"column":4},"end":{"line":83,"column":4}},{"start":{"line":83,"column":4},"end":{"line":83,"column":4}}]},"12":{"line":84,"type":"if","locations":[{"start":{"line":84,"column":4},"end":{"line":84,"column":4}},{"start":{"line":84,"column":4},"end":{"line":84,"column":4}}]},"13":{"line":85,"type":"if","locations":[{"start":{"line":85,"column":4},"end":{"line":85,"column":4}},{"start":{"line":85,"column":4},"end":{"line":85,"column":4}}]},"14":{"line":96,"type":"if","locations":[{"start":{"line":96,"column":4},"end":{"line":96,"column":4}},{"start":{"line":96,"column":4},"end":{"line":96,"column":4}}]},"15":{"line":97,"type":"if","locations":[{"start":{"line":97,"column":4},"end":{"line":97,"column":4}},{"start":{"line":97,"column":4},"end":{"line":97,"column":4}}]},"16":{"line":98,"type":"if","locations":[{"start":{"line":98,"column":4},"end":{"line":98,"column":4}},{"start":{"line":98,"column":4},"end":{"line":98,"column":4}}]},"17":{"line":99,"type":"if","locations":[{"start":{"line":99,"column":4},"end":{"line":99,"column":4}},{"start":{"line":99,"column":4},"end":{"line":99,"column":4}}]},"18":{"line":100,"type":"if","locations":[{"start":{"line":100,"column":4},"end":{"line":100,"column":4}},{"start":{"line":100,"column":4},"end":{"line":100,"column":4}}]},"19":{"line":101,"type":"if","locations":[{"start":{"line":101,"column":4},"end":{"line":101,"column":4}},{"start":{"line":101,"column":4},"end":{"line":101,"column":4}}]},"20":{"line":103,"type":"if","locations":[{"start":{"line":103,"column":72},"end":{"line":103,"column":72}},{"start":{"line":103,"column":72},"end":{"line":103,"column":72}}]},"21":{"line":104,"type":"if","locations":[{"start":{"line":104,"column":4},"end":{"line":104,"column":4}},{"start":{"line":104,"column":4},"end":{"line":104,"column":4}}]},"22":{"line":108,"type":"if","locations":[{"start":{"line":108,"column":4},"end":{"line":108,"column":4}},{"start":{"line":108,"column":4},"end":{"line":108,"column":4}}]},"23":{"line":121,"type":"if","locations":[{"start":{"line":121,"column":99},"end":{"line":121,"column":99}},{"start":{"line":121,"column":99},"end":{"line":121,"column":99}}]},"24":{"line":122,"type":"if","locations":[{"start":{"line":122,"column":4},"end":{"line":122,"column":4}},{"start":{"line":122,"column":4},"end":{"line":122,"column":4}}]},"25":{"line":123,"type":"if","locations":[{"start":{"line":123,"column":4},"end":{"line":123,"column":4}},{"start":{"line":123,"column":4},"end":{"line":123,"column":4}}]},"26":{"line":137,"type":"if","locations":[{"start":{"line":137,"column":4},"end":{"line":137,"column":4}},{"start":{"line":137,"column":4},"end":{"line":137,"column":4}}]},"27":{"line":140,"type":"if","locations":[{"start":{"line":140,"column":6},"end":{"line":140,"column":6}},{"start":{"line":140,"column":6},"end":{"line":140,"column":6}}]},"28":{"line":149,"type":"if","locations":[{"start":{"line":149,"column":4},"end":{"line":149,"column":4}},{"start":{"line":149,"column":4},"end":{"line":149,"column":4}}]},"29":{"line":154,"type":"if","locations":[{"start":{"line":154,"column":4},"end":{"line":154,"column":4}},{"start":{"line":154,"column":4},"end":{"line":154,"column":4}}]},"30":{"line":162,"type":"if","locations":[{"start":{"line":162,"column":87},"end":{"line":162,"column":87}},{"start":{"line":162,"column":87},"end":{"line":162,"column":87}}]},"31":{"line":190,"type":"if","locations":[{"start":{"line":190,"column":13},"end":{"line":190,"column":13}},{"start":{"line":190,"column":13},"end":{"line":190,"column":13}}]},"32":{"line":192,"type":"if","locations":[{"start":{"line":192,"column":6},"end":{"line":192,"column":6}},{"start":{"line":192,"column":6},"end":{"line":192,"column":6}}]},"33":{"line":193,"type":"if","locations":[{"start":{"line":193,"column":6},"end":{"line":193,"column":6}},{"start":{"line":193,"column":6},"end":{"line":193,"column":6}}]},"34":{"line":212,"type":"if","locations":[{"start":{"line":212,"column":6},"end":{"line":212,"column":6}},{"start":{"line":212,"column":6},"end":{"line":212,"column":6}}]},"35":{"line":238,"type":"if","locations":[{"start":{"line":238,"column":15},"end":{"line":238,"column":15}},{"start":{"line":238,"column":15},"end":{"line":238,"column":15}}]},"36":{"line":239,"type":"if","locations":[{"start":{"line":239,"column":6},"end":{"line":239,"column":6}},{"start":{"line":239,"column":6},"end":{"line":239,"column":6}}]},"37":{"line":240,"type":"if","locations":[{"start":{"line":240,"column":6},"end":{"line":240,"column":6}},{"start":{"line":240,"column":6},"end":{"line":240,"column":6}}]},"38":{"line":241,"type":"if","locations":[{"start":{"line":241,"column":6},"end":{"line":241,"column":6}},{"start":{"line":241,"column":6},"end":{"line":241,"column":6}}]},"39":{"line":257,"type":"if","locations":[{"start":{"line":257,"column":100},"end":{"line":257,"column":100}},{"start":{"line":257,"column":100},"end":{"line":257,"column":100}}]},"40":{"line":263,"type":"if","locations":[{"start":{"line":263,"column":59},"end":{"line":263,"column":59}},{"start":{"line":263,"column":59},"end":{"line":263,"column":59}}]},"41":{"line":264,"type":"if","locations":[{"start":{"line":264,"column":4},"end":{"line":264,"column":4}},{"start":{"line":264,"column":4},"end":{"line":264,"column":4}}]},"42":{"line":265,"type":"if","locations":[{"start":{"line":265,"column":4},"end":{"line":265,"column":4}},{"start":{"line":265,"column":4},"end":{"line":265,"column":4}}]},"43":{"line":266,"type":"if","locations":[{"start":{"line":266,"column":4},"end":{"line":266,"column":4}},{"start":{"line":266,"column":4},"end":{"line":266,"column":4}}]},"44":{"line":270,"type":"if","locations":[{"start":{"line":270,"column":4},"end":{"line":270,"column":4}},{"start":{"line":270,"column":4},"end":{"line":270,"column":4}}]},"45":{"line":360,"type":"if","locations":[{"start":{"line":360,"column":4},"end":{"line":360,"column":4}},{"start":{"line":360,"column":4},"end":{"line":360,"column":4}}]},"46":{"line":362,"type":"if","locations":[{"start":{"line":362,"column":11},"end":{"line":362,"column":11}},{"start":{"line":362,"column":11},"end":{"line":362,"column":11}}]},"47":{"line":364,"type":"if","locations":[{"start":{"line":364,"column":11},"end":{"line":364,"column":11}},{"start":{"line":364,"column":11},"end":{"line":364,"column":11}}]},"48":{"line":366,"type":"if","locations":[{"start":{"line":366,"column":11},"end":{"line":366,"column":11}},{"start":{"line":366,"column":11},"end":{"line":366,"column":11}}]},"49":{"line":368,"type":"if","locations":[{"start":{"line":368,"column":11},"end":{"line":368,"column":11}},{"start":{"line":368,"column":11},"end":{"line":368,"column":11}}]},"50":{"line":370,"type":"if","locations":[{"start":{"line":370,"column":11},"end":{"line":370,"column":11}},{"start":{"line":370,"column":11},"end":{"line":370,"column":11}}]},"51":{"line":374,"type":"if","locations":[{"start":{"line":374,"column":4},"end":{"line":374,"column":4}},{"start":{"line":374,"column":4},"end":{"line":374,"column":4}}]},"52":{"line":384,"type":"if","locations":[{"start":{"line":384,"column":6},"end":{"line":384,"column":6}},{"start":{"line":384,"column":6},"end":{"line":384,"column":6}}]},"53":{"line":405,"type":"if","locations":[{"start":{"line":405,"column":6},"end":{"line":405,"column":6}},{"start":{"line":405,"column":6},"end":{"line":405,"column":6}}]}}},
"contracts\\facets\\OwnershipFacet.sol":{"l":{"9":0,"10":0,"14":0},"path":"C:\\Users\\msarc\\Code\\MowseGame\\web3\\diamonds\\contracts\\facets\\OwnershipFacet.sol","s":{"1":0,"2":0},"b":{},"f":{"1":0,"2":0},"fnMap":{"1":{"name":"transferOwnership","line":8,"loc":{"start":{"line":8,"column":4},"end":{"line":11,"column":4}}},"2":{"name":"owner","line":13,"loc":{"start":{"line":13,"column":4},"end":{"line":15,"column":4}}}},"statementMap":{"1":{"start":{"line":9,"column":8},"end":{"line":9,"column":42}},"2":{"start":{"line":10,"column":8},"end":{"line":10,"column":45}}},"branchMap":{}},
"contracts\\facets\\Test1Facet.sol":{"l":{},"path":"C:\\Users\\msarc\\Code\\MowseGame\\web3\\diamonds\\contracts\\facets\\Test1Facet.sol","s":{},"b":{},"f":{"1":0,"2":0,"3":0,"4":0,"5":0,"6":0,"7":0,"8":0,"9":0,"10":0,"11":0,"12":0,"13":0,"14":0,"15":0,"16":0,"17":0,"18":0,"19":0,"20":0,"21":0},"fnMap":{"1":{"name":"test1Func1","line":7,"loc":{"start":{"line":7,"column":4},"end":{"line":7,"column":36}}},"2":{"name":"test1Func2","line":9,"loc":{"start":{"line":9,"column":4},"end":{"line":9,"column":36}}},"3":{"name":"test1Func3","line":11,"loc":{"start":{"line":11,"column":4},"end":{"line":11,"column":36}}},"4":{"name":"test1Func4","line":13,"loc":{"start":{"line":13,"column":4},"end":{"line":13,"column":36}}},"5":{"name":"test1Func5","line":15,"loc":{"start":{"line":15,"column":4},"end":{"line":15,"column":36}}},"6":{"name":"test1Func6","line":17,"loc":{"start":{"line":17,"column":4},"end":{"line":17,"column":36}}},"7":{"name":"test1Func7","line":19,"loc":{"start":{"line":19,"column":4},"end":{"line":19,"column":36}}},"8":{"name":"test1Func8","line":21,"loc":{"start":{"line":21,"column":4},"end":{"line":21,"column":36}}},"9":{"name":"test1Func9","line":23,"loc":{"start":{"line":23,"column":4},"end":{"line":23,"column":36}}},"10":{"name":"test1Func10","line":25,"loc":{"start":{"line":25,"column":4},"end":{"line":25,"column":37}}},"11":{"name":"test1Func11","line":27,"loc":{"start":{"line":27,"column":4},"end":{"line":27,"column":37}}},"12":{"name":"test1Func12","line":29,"loc":{"start":{"line":29,"column":4},"end":{"line":29,"column":37}}},"13":{"name":"test1Func13","line":31,"loc":{"start":{"line":31,"column":4},"end":{"line":31,"column":37}}},"14":{"name":"test1Func14","line":33,"loc":{"start":{"line":33,"column":4},"end":{"line":33,"column":37}}},"15":{"name":"test1Func15","line":35,"loc":{"start":{"line":35,"column":4},"end":{"line":35,"column":37}}},"16":{"name":"test1Func16","line":37,"loc":{"start":{"line":37,"column":4},"end":{"line":37,"column":37}}},"17":{"name":"test1Func17","line":39,"loc":{"start":{"line":39,"column":4},"end":{"line":39,"column":37}}},"18":{"name":"test1Func18","line":41,"loc":{"start":{"line":41,"column":4},"end":{"line":41,"column":37}}},"19":{"name":"test1Func19","line":43,"loc":{"start":{"line":43,"column":4},"end":{"line":43,"column":37}}},"20":{"name":"test1Func20","line":45,"loc":{"start":{"line":45,"column":4},"end":{"line":45,"column":37}}},"21":{"name":"supportsInterface","line":47,"loc":{"start":{"line":47,"column":4},"end":{"line":47,"column":82}}}},"statementMap":{},"branchMap":{}},
"contracts\\facets\\Test2Facet.sol":{"l":{},"path":"C:\\Users\\msarc\\Code\\MowseGame\\web3\\diamonds\\contracts\\facets\\Test2Facet.sol","s":{},"b":{},"f":{"1":0,"2":0,"3":0,"4":0,"5":0,"6":0,"7":0,"8":0,"9":0,"10":0,"11":0,"12":0,"13":0,"14":0,"15":0,"16":0,"17":0,"18":0,"19":0,"20":0},"fnMap":{"1":{"name":"test2Func1","line":5,"loc":{"start":{"line":5,"column":4},"end":{"line":5,"column":36}}},"2":{"name":"test2Func2","line":7,"loc":{"start":{"line":7,"column":4},"end":{"line":7,"column":36}}},"3":{"name":"test2Func3","line":9,"loc":{"start":{"line":9,"column":4},"end":{"line":9,"column":36}}},"4":{"name":"test2Func4","line":11,"loc":{"start":{"line":11,"column":4},"end":{"line":11,"column":36}}},"5":{"name":"test2Func5","line":13,"loc":{"start":{"line":13,"column":4},"end":{"line":13,"column":36}}},"6":{"name":"test2Func6","line":15,"loc":{"start":{"line":15,"column":4},"end":{"line":15,"column":36}}},"7":{"name":"test2Func7","line":17,"loc":{"start":{"line":17,"column":4},"end":{"line":17,"column":36}}},"8":{"name":"test2Func8","line":19,"loc":{"start":{"line":19,"column":4},"end":{"line":19,"column":36}}},"9":{"name":"test2Func9","line":21,"loc":{"start":{"line":21,"column":4},"end":{"line":21,"column":36}}},"10":{"name":"test2Func10","line":23,"loc":{"start":{"line":23,"column":4},"end":{"line":23,"column":37}}},"11":{"name":"test2Func11","line":25,"loc":{"start":{"line":25,"column":4},"end":{"line":25,"column":37}}},"12":{"name":"test2Func12","line":27,"loc":{"start":{"line":27,"column":4},"end":{"line":27,"column":37}}},"13":{"name":"test2Func13","line":29,"loc":{"start":{"line":29,"column":4},"end":{"line":29,"column":37}}},"14":{"name":"test2Func14","line":31,"loc":{"start":{"line":31,"column":4},"end":{"line":31,"column":37}}},"15":{"name":"test2Func15","line":33,"loc":{"start":{"line":33,"column":4},"end":{"line":33,"column":37}}},"16":{"name":"test2Func16","line":35,"loc":{"start":{"line":35,"column":4},"end":{"line":35,"column":37}}},"17":{"name":"test2Func17","line":37,"loc":{"start":{"line":37,"column":4},"end":{"line":37,"column":37}}},"18":{"name":"test2Func18","line":39,"loc":{"start":{"line":39,"column":4},"end":{"line":39,"column":37}}},"19":{"name":"test2Func19","line":41,"loc":{"start":{"line":41,"column":4},"end":{"line":41,"column":37}}},"20":{"name":"test2Func20","line":43,"loc":{"start":{"line":43,"column":4},"end":{"line":43,"column":37}}}},"statementMap":{},"branchMap":{}},
"contracts\\interfaces\\IDiamondCut.sol":{"l":{},"path":"C:\\Users\\msarc\\Code\\MowseGame\\web3\\diamonds\\contracts\\interfaces\\IDiamondCut.sol","s":{},"b":{},"f":{},"fnMap":{},"statementMap":{},"branchMap":{}},
"contracts\\interfaces\\IDiamondLoupe.sol":{"l":{},"path":"C:\\Users\\msarc\\Code\\MowseGame\\web3\\diamonds\\contracts\\interfaces\\IDiamondLoupe.sol","s":{},"b":{},"f":{},"fnMap":{},"statementMap":{},"branchMap":{}},
"contracts\\interfaces\\IERC165.sol":{"l":{},"path":"C:\\Users\\msarc\\Code\\MowseGame\\web3\\diamonds\\contracts\\interfaces\\IERC165.sol","s":{},"b":{},"f":{},"fnMap":{},"statementMap":{},"branchMap":{}},
"contracts\\interfaces\\IERC173.sol":{"l":{},"path":"C:\\Users\\msarc\\Code\\MowseGame\\web3\\diamonds\\contracts\\interfaces\\IERC173.sol","s":{},"b":{},"f":{},"fnMap":{},"statementMap":{},"branchMap":{}},
"contracts\\interfaces\\IMowseMetadataVisualizer.sol":{"l":{},"path":"C:\\Users\\msarc\\Code\\MowseGame\\web3\\diamonds\\contracts\\interfaces\\IMowseMetadataVisualizer.sol","s":{},"b":{},"f":{},"fnMap":{},"statementMap":{},"branchMap":{}},
"contracts\\interfaces\\IMowsePack.sol":{"l":{},"path":"C:\\Users\\msarc\\Code\\MowseGame\\web3\\diamonds\\contracts\\interfaces\\IMowsePack.sol","s":{},"b":{},"f":{},"fnMap":{},"statementMap":{},"branchMap":{}},
"contracts\\interfaces\\IMowsePRNG.sol":{"l":{},"path":"C:\\Users\\msarc\\Code\\MowseGame\\web3\\diamonds\\contracts\\interfaces\\IMowsePRNG.sol","s":{},"b":{},"f":{},"fnMap":{},"statementMap":{},"branchMap":{}},
"contracts\\interfaces\\IMowseWearVisualizer.sol":{"l":{},"path":"C:\\Users\\msarc\\Code\\MowseGame\\web3\\diamonds\\contracts\\interfaces\\IMowseWearVisualizer.sol","s":{},"b":{},"f":{},"fnMap":{},"statementMap":{},"branchMap":{}},
"contracts\\libraries\\Base64.sol":{"l":{"16":58,"17":58,"20":58,"23":58,"25":58,"27":58,"64":58},"path":"C:\\Users\\msarc\\Code\\MowseGame\\web3\\diamonds\\contracts\\libraries\\Base64.sol","s":{"1":58,"2":58,"3":0,"4":58,"5":58,"6":58,"7":58},"b":{"1":[0,58]},"f":{"1":58},"fnMap":{"1":{"name":"encode","line":15,"loc":{"start":{"line":15,"column":4},"end":{"line":65,"column":4}}}},"statementMap":{"1":{"start":{"line":16,"column":8},"end":{"line":16,"column":33}},"2":{"start":{"line":17,"column":8},"end":{"line":17,"column":31}},"3":{"start":{"line":17,"column":22},"end":{"line":17,"column":31}},"4":{"start":{"line":20,"column":8},"end":{"line":20,"column":48}},"5":{"start":{"line":23,"column":8},"end":{"line":23,"column":56}},"6":{"start":{"line":25,"column":8},"end":{"line":25,"column":34}},"7":{"start":{"line":64,"column":8},"end":{"line":64,"column":29}}},"branchMap":{"1":{"line":17,"type":"if","locations":[{"start":{"line":17,"column":8},"end":{"line":17,"column":8}},{"start":{"line":17,"column":8},"end":{"line":17,"column":8}}]}}},
"contracts\\libraries\\LibDiamond.sol":{"l":{"44":61,"45":61,"53":3,"54":3,"55":3,"56":3,"60":36,"64":1,"75":4,"76":12,"77":12,"78":12,"80":0,"82":0,"84":0,"87":4,"88":4,"92":12,"93":12,"94":12,"95":12,"97":12,"98":12,"100":12,"101":96,"102":96,"103":96,"104":96,"105":96,"110":0,"111":0,"112":0,"113":0,"115":0,"116":0,"118":0,"119":0,"120":0,"121":0,"122":0,"123":0,"124":0,"129":0,"130":0,"132":0,"133":0,"134":0,"135":0,"136":0,"141":12,"142":12,"143":12,"148":96,"149":96,"150":96,"154":0,"156":0,"158":0,"159":0,"161":0,"162":0,"163":0,"164":0,"167":0,"168":0,"171":0,"173":0,"174":0,"175":0,"176":0,"177":0,"178":0,"180":0,"181":0,"186":4,"187":3,"189":1,"190":1,"191":1,"192":0,"195":0,"200":0,"206":13,"207":13,"210":13},"path":"C:\\Users\\msarc\\Code\\MowseGame\\web3\\diamonds\\contracts\\libraries\\LibDiamond.sol","s":{"1":61,"2":3,"3":3,"4":3,"5":1,"6":4,"7":12,"8":12,"9":12,"10":0,"11":0,"12":0,"13":0,"14":0,"15":4,"16":4,"17":12,"18":12,"19":12,"20":12,"21":12,"22":12,"23":12,"24":96,"25":96,"26":96,"27":96,"28":0,"29":0,"30":0,"31":0,"32":0,"33":0,"34":0,"35":0,"36":0,"37":0,"38":0,"39":0,"40":0,"41":0,"42":0,"43":0,"44":0,"45":0,"46":0,"47":12,"48":12,"49":96,"50":0,"51":0,"52":0,"53":0,"54":0,"55":0,"56":0,"57":0,"58":0,"59":0,"60":0,"61":0,"62":0,"63":4,"64":3,"65":1,"66":1,"67":1,"68":0,"69":13,"70":13},"b":{"1":[1,0],"2":[12,0],"3":[0,0],"4":[0,0],"5":[12,0],"6":[12,0],"7":[12,0],"8":[96,0],"9":[0,0],"10":[0,0],"11":[0,0],"12":[0,0],"13":[0,0],"14":[0,0],"15":[0,0],"16":[0,0],"17":[0,0],"18":[0,0],"19":[0,0],"20":[3,1],"21":[0,1],"22":[0,0],"23":[13,0]},"f":{"1":61,"2":3,"3":36,"4":1,"5":4,"6":12,"7":0,"8":0,"9":12,"10":96,"11":0,"12":4,"13":13},"fnMap":{"1":{"name":"diamondStorage","line":43,"loc":{"start":{"line":43,"column":4},"end":{"line":48,"column":4}}},"2":{"name":"setContractOwner","line":52,"loc":{"start":{"line":52,"column":4},"end":{"line":57,"column":4}}},"3":{"name":"contractOwner","line":59,"loc":{"start":{"line":59,"column":4},"end":{"line":61,"column":4}}},"4":{"name":"enforceIsContractOwner","line":63,"loc":{"start":{"line":63,"column":4},"end":{"line":65,"column":4}}},"5":{"name":"diamondCut","line":70,"loc":{"start":{"line":70,"column":4},"end":{"line":89,"column":4}}},"6":{"name":"addFunctions","line":91,"loc":{"start":{"line":91,"column":4},"end":{"line":107,"column":4}}},"7":{"name":"replaceFunctions","line":109,"loc":{"start":{"line":109,"column":4},"end":{"line":126,"column":4}}},"8":{"name":"removeFunctions","line":128,"loc":{"start":{"line":128,"column":4},"end":{"line":138,"column":4}}},"9":{"name":"addFacet","line":140,"loc":{"start":{"line":140,"column":4},"end":{"line":144,"column":4}}},"10":{"name":"addFunction","line":147,"loc":{"start":{"line":147,"column":4},"end":{"line":151,"column":4}}},"11":{"name":"removeFunction","line":153,"loc":{"start":{"line":153,"column":4},"end":{"line":183,"column":4}}},"12":{"name":"initializeDiamondCut","line":185,"loc":{"start":{"line":185,"column":4},"end":{"line":203,"column":4}}},"13":{"name":"enforceHasContractCode","line":205,"loc":{"start":{"line":205,"column":4},"end":{"line":211,"column":4}}}},"statementMap":{"1":{"start":{"line":44,"column":8},"end":{"line":44,"column":51}},"2":{"start":{"line":53,"column":8},"end":{"line":53,"column":52}},"3":{"start":{"line":54,"column":8},"end":{"line":54,"column":48}},"4":{"start":{"line":56,"column":8},"end":{"line":56,"column":59}},"5":{"start":{"line":64,"column":8},"end":{"line":64,"column":98}},"6":{"start":{"line":75,"column":8},"end":{"line":75,"column
[...]
"contracts\\MowsePack.sol":{"l":{"42":0,"43":0,"47":0,"48":0,"68":3,"71":3,"74":3,"77":3,"80":3,"81":3,"82":6,"84":3,"85":3,"86":3,"89":3,"95":4,"96":4,"97":4,"100":4,"101":4,"102":4,"105":4,"113":0,"114":0,"115":0,"117":0,"123":0,"131":0,"133":0,"136":0,"137":0,"144":0,"157":0,"158":0,"161":0,"171":0,"182":0,"197":0,"199":0,"201":0,"208":0,"210":0,"219":0,"221":0,"229":0,"231":0,"239":0,"241":0,"247":0,"248":0,"250":0,"255":0,"260":0,"261":0,"262":0,"263":0,"269":0,"272":0,"273":0,"274":0,"280":0,"281":0,"282":0,"291":0,"292":0,"294":0,"299":4,"300":4},"path":"C:\\Users\\msarc\\Code\\MowseGame\\web3\\diamonds\\contracts\\MowsePack.sol","s":{"1":0,"2":0,"3":3,"4":3,"5":3,"6":3,"7":3,"8":4,"9":4,"10":4,"11":4,"12":4,"13":4,"14":4,"15":0,"16":0,"17":0,"18":0,"19":0,"20":0,"21":0,"22":0,"23":0,"24":0,"25":0,"26":0,"27":0,"28":0,"29":0,"30":0,"31":0,"32":0,"33":0,"34":0,"35":0,"36":0,"37":0,"38":0,"39":0,"40":0,"41":0,"42":0,"43":0,"44":0,"45":0,"46":0,"47":0,"48":0,"49":0,"50":0,"51":0,"52":0,"53":4,"54":4},"b":{"1":[0,0],"2":[0,0],"3":[3,0],"4":[4,0],"5":[4,0],"6":[4,0],"7":[0,0],"8":[0,0],"9":[0,0],"10":[0,0],"11":[0,0],"12":[0,0],"13":[0,0],"14":[0,0],"15":[0,0],"16":[0,0],"17":[0,0],"18":[0,0],"19":[0,0],"20":[0,0],"21":[0,0],"22":[0,0],"23":[0,0],"24":[0,0],"25":[0,0],"26":[0,0],"27":[0,0],"28":[0,0],"29":[0,0],"30":[0,0],"31":[0,0],"32":[0,0],"33":[4,0]},"f":{"1":0,"2":0,"3":3,"4":4,"5":0,"6":0,"7":0,"8":0,"9":0,"10":0,"11":0,"12":0,"13":0,"14":0,"15":0,"16":0,"17":0,"18":0,"19":0,"20":0,"21":0,"22":0,"23":4},"fnMap":{"1":{"name":"mustExist","line":41,"loc":{"start":{"line":41,"column":4},"end":{"line":44,"column":4}}},"2":{"name":"onlyHolder","line":46,"loc":{"start":{"line":46,"column":4},"end":{"line":49,"column":4}}},"3":{"name":"constructor","line":66,"loc":{"start":{"line":58,"column":4},"end":{"line":90,"column":4}}},"4":{"name":"mintMowse","line":94,"loc":{"start":{"line":94,"column":4},"end":{"line":106,"column":4}}},"5":{"name":"giftMowse","line":112,"loc":{"start":{"line":112,"column":4},"end":{"line":118,"column":4}}},"6":{"name":"mint","line":122,"loc":{"start":{"line":122,"column":4},"end":{"line":124,"column":4}}},"7":{"name":"tokenURI","line":129,"loc":{"start":{"line":129,"column":4},"end":{"line":138,"column":4}}},"8":{"name":"tokenPermanentURI","line":142,"loc":{"start":{"line":142,"column":4},"end":{"line":145,"column":4}}},"9":{"name":"isApprovedForAll","line":151,"loc":{"start":{"line":151,"column":4},"end":{"line":162,"column":4}}},"10":{"name":"supportsInterface","line":165,"loc":{"start":{"line":165,"column":4},"end":{"line":172,"column":4}}},"11":{"name":"royaltyInfo","line":176,"loc":{"start":{"line":176,"column":4},"end":{"line":183,"column":4}}},"12":{"name":"setMetadataVisualizer","line":195,"loc":{"start":{"line":191,"column":4},"end":{"line":202,"column":4}}},"13":{"name":"disableMetadataVisualizer","line":207,"loc":{"start":{"line":207,"column":4},"end":{"line":211,"column":4}}},"14":{"name":"setActive","line":218,"loc":{"start":{"line":218,"column":4},"end":{"line":222,"column":4}}},"15":{"name":"setMarketplace","line":228,"loc":{"start":{"line":228,"column":4},"end":{"line":232,"column":4}}},"16":{"name":"setAllowedMetadataVisualizer","line":238,"loc":{"start":{"line":238,"column":4},"end":{"line":242,"column":4}}},"17":{"name":"setRoyalty","line":246,"loc":{"start":{"line":246,"column":4},"end":{"line":251,"column":4}}},"18":{"name":"balance","line":254,"loc":{"start":{"line":254,"column":4},"end":{"line":256,"column":4}}},"19":{"name":"withdraw","line":259,"loc":{"start":{"line":259,"column":4},"end":{"line":265,"column":4}}},"20":{"name":"withdrawTokens","line":268,"loc":{"start":{"line":268,"column":4},"end":{"line":276,"column":4}}},"21":{"name":"withdrawNFT","line":279,"loc":{"start":{"line":279,"column":4},"end":{"line":284,"column":4}}},"22":{"name":"_getMowseMetadataVisualizer","line":290,"loc":{"start":{"line":290,"column":4},"end":{"line":295,"column":4}}},"23":{"name":"_mint","line":298,"loc":{"start":{"line":298,"column":4},"end":{"line":301,"column":4}}}},"statementMap":{"1":{"start":{"line":42,"column":8},"end":{"line":42,"column":63}},"2":{"start":{"line":47,"column":8},"end":{"line":47,"column":108}},"3":{"start":{"line":68,"column":8},"end":{"line":68,"column":69}},"4":{"start":{"line":80,"column":8},"end":{"line":80,"column":26}},"5":{"start":{"line":81,"column":8},"end":{"line":81,"column":2947}},"6":{"start":{"line":84,"column":8},"end":{"line":84,"column":61}},"7":{"start":{"line":89,"column":8},"end":{"line":89,"column":14}},"8":{"start":{"line":95,"column":8},"end":{"line":95,"column":80}},"9":{"start":{"line":96,"column":8},"end":{"line":96,"column":97}},"10":{"start":{"line":97,"column":8},"end":{"line":97,"column":83}},"11":{"start":{"line":100,"column":8},"end":{"line":100,"column":3696}},"12":{"start":{"line":101,"column":12},"end":{"line":101,"column":32}},"13":{"start":{"line":102,"column":12},"end":{"line":102,"column":53}},"14":{"start":{"line":105,"column":8},"end":{"line":105,"column":47}},"15":{"start":{"line":113,"column":8},"end":{"line":113,"column":82}},"16":{"start":{"line":114,"column":8},"end":{"line":114,"column":73}},"17":{"start":{"line":115,"column":8},"end":{"line":115,"column":78}},"18":{"start":{"line":117,"column":8},"end":{"line":117,"column":31}},"19":{"start":{"line":123,"column":8},"end":{"line":123,"column":46}},"20":{"start":{"line":131,"column":8},"end":{"line":131,"column":5012}},"21":{"start":{"line":133,"column":12},"end":{"line":133,"column":83}},"22":{"start":{"line":136,"column":8},"end":{"line":136,"column":42}},"23":{"start":{"line":137,"column":8},"end":{"line":137,"column":118}},"24":{"start":{"line":144,"column":8},"end":{"line":144,"column":39}},"25":{"start":{"line":157,"column":8},"end":{"line":157,"column":6137}},"26":{"start":{"line":158,"column":12},"end":{"line":158,"column":23}},"27":{"start":{"line":161,"column":8},"end":{"line":161,"column":56}},"28":{"start":{"line":171,"column":8},"end":{"line":171,"column":96}},"29":{"start":{"line":182,"column":8},"end":{"line":182,"column":61}},"30":{"start":{"line":197,"column":8},"end":{"line":197,"column":99}},"31":{"start":{"line":199,"column":8},"end":{"line":199,"column":84}},"32":{"start":{"line":208,"column":8},"end":{"line":208,"column":72}},"33":{"start":{"line":219,"column":8},"end":{"line":219,"column":54}},"34":{"start":{"line":229,"column":8},"end":{"line":229,"column":83}},"35":{"start":{"line":239,"column":8},"end":{"line":239,"column":102}},"36":{"start":{"line":247,"column":8},"end":{"line":247,"column":76}},"37":{"start":{"line":248,"column":8},"end":{"line":248,"column":80}},"38":{"start":{"line":255,"column":8},"end":{"line":255,"column":36}},"39":{"start":{"line":260,"column":8},"end":{"line":260,"column":47}},"40":{"start":{"line":261,"column":8},"end":{"line":261,"column":10110}},"41":{"start":{"line":262,"column":12},"end":{"line":262,"column":96}},"42":{"start":{"line":263,"column":12},"end":{"line":263,"column":50}},"43":{"start":{"line":269,"column":8},"end":{"line":269,"column":53}},"44":{"start":{"line":272,"column":8},"end":{"line":272,"column":64}},"45":{"start":{"line":273,"column":8},"end":{"line":273,"column":10659}},"46":{"start":{"line":274,"column":12},"end":{"line":274,"column":78}},"47":{"start":{"line":280,"column":8},"end":{"line":280,"column":55}},"48":{"start":{"line":281,"column":8},"end":{"line":281,"column":11033}},"49":{"start":{"line":282,"column":12},"end":{"line":282,"column":78}},"50":{"start":{"line":291,"column":8},"end":{"line":291,"column":11458}},"51":{"start":{"line":292,"column":12},"end":{"line":292,"column":66}},"52":{"start":{"line":294,"column":8},"end":{"line":294,"column":73}},"53":{"start":{"line":299,"column":8},"end":{"line":299,"column":60}},"54":{"start":{"line":300,"column":8},"end":{"line":300,"column":27}}},"branchMap":{"1":{"line":42,"type":"if","locations":[{"start":{"line":42,"column":8},"end":{"line":42,"column":8}},{"start":{"line":42,"column":8},"end":{"line":42,"column":8}}]},"2":{"line":47,"type":"if","locations":[{"start":{"line":47,"column":8},"end":{"line":47,"column":8}},{"start":{"line":47,"column":8},"end":{"line":47,"column":8}}]},"3":{"line":84,"type":"if","locations":[{"start":{"line":84,"column":8},"end":{"line":84,"column":8}},{"start":{"line":84,"column":8},"end":{"line":84,"column":8}}]},"4":{"line":95,"type":"if","locations":[{"start":{"line":95,"column":8},"end":{"line":95,"column":8}},{"start":{"line":95,"column":8},"end":{"line":95,"column":8}}]},"5":{"line":96,"type":"if","locations":[{"start":{"line":96,"column":8},"end":{"line":96,"column":8}},{"start":{"line":96,"column":8},"end":{"line":96,"column":8}}]},"6":{"line":97,"type":"if","locations":[{"start":{"line":97,"column":8},"end":{"line":97,"column":8}},{"start":{"line":97,"column":8},"end":{"line":97,"column":8}}]},"7":{"line":113,"type":"if","locations":[{"start":{"line":113,"column":8},"end":{"line":113,"column":8}},{"start":{"line":113,"column":8},"end":{"line":113,"column":8}}]},"8":{"line":114,"type":"if","locations":[{"start":{"line":114,"column":8},"end":{"line":114,"column":8}},{"start":{"line":114,"column":8},"end":{"line":114,"column":8}}]},"9":{"line":115,"type":"if","locations":[{"start":{"line":115,"column":8},"end":{"line":115,"column":8}},{"start":{"line":115,"column":8},"end":{"line":115,"column":8}}]},"10":{"line":123,"type":"if","locations":[{"start":{"line":123,"column":8},"end":{"line":123,"column":8}},{"start":{"line":123,"column":8},"end":{"line":123,"column":8}}]},"11":{"line":129,"type":"if","locations":[{"start":{"line":129,"column":69},"end":{"line":129,"column":69}},{"start":{"line":129,"column":69},"end":{"line":129,"column":69}}]},"12":{"line":131,"type":"if","locations":[{"start":{"line":131,"column":8},"end":{"line":131,"column":8}},{"start":{"line":131,"column":8},"end":{"line":131,"column":8}}]},"13":{"line":137,"type":"if","locations":[{"start":{"line":137,"column":43},"end":{"line":137,"column":112}},{"start":{"line":137,"column":116},"end":{"line":137,"column":117}}]},"14":{"line":142,"type":"if","locations":[{"start":{"line":142,"column":70},"end":{"line":142,"column":70}},{"start":{"line":142,"column":70},"end":{"line":142,"column":70}}]},"15":{"line":157,"type":"if","locations":[{"start":{"line":157,"column":8},"end":{"line":157,"column":8}},{"start":{"line":157,"column":8},"end":{"line":157,"column":8}}]},"16":{"line":171,"type":"cond-expr","locations":[{"start":{"line":171,"column":15},"end":{"line":171,"column":55}},{"start":{"line":171,"column":60},"end":{"line":171,"column":95}}]},"17":{"line":194,"type":"if","locations":[{"start":{"line":194,"column":8},"end":{"line":194,"column":8}},{"start":{"line":194,"column":8},"end":{"line":194,"column":8}}]},"18":{"line":195,"type":"if","locations":[{"start":{"line":195,"column":8},"end":{"line":195,"column":8}},{"start":{"line":195,"column":8},"end":{"line":195,"column":8}}]},"19":{"line":197,"type":"if","locations":[{"start":{"line":197,"column":8},"end":{"line":197,"column":8}},{"start":{"line":197,"column":8},"end":{"line":197,"column":8}}]},"20":{"line":207,"type":"if","locations":[{"start":{"line":207,"column":75},"end":{"line":207,"column":75}},{"start":{"line":207,"column":75},"end":{"line":207,"column":75}}]},"21":{"line":207,"type":"if","locations":[{"start":{"line":207,"column":95},"end":{"line":207,"column":95}},{"start":{"line":207,"column":95},"end":{"line":207,"column":95}}]},"22":{"line":218,"type":"if","locations":[{"start":{"line":218,"column":46},"end":{"line":218,"column":46}},{"start":{"line":218,"column":46},"end":{"line":218,"column":46}}]},"23":{"line":228,"type":"if","locations":[{"start":{"line":228,"column":74},"end":{"line":228,"column":74}},{"start":{"line":228,"column":74},"end":{"line":228,"column":74}}]},"24":{"line":238,"type":"if","locations":[{"start":{"line":238,"column":87},"end":{"line":238,"column":87}},{"start":{"line":238,"column":87},"end":{"line":238,"column":87}}]},"25":{"line":246,"type":"if","locations":[{"start":{"line":246,"column":50},"end":{"line":246,"column":50}},{"start":{"line":246,"column":50},"end":{"line":246,"column":50}}]},"26":{"line":247,"type":"if","locations":[{"start":{"line":247,"column":8},"end":{"line":247,"column":8}},{"start":{"line":247,"column":8},"end":{"line":247,"column":8}}]},"27":{"line":248,"type":"if","locations":[{"start":{"line":248,"column":8},"end":{"line":248,"column":8}},{"start":{"line":248,"column":8},"end":{"line":248,"column":8}}]},"28":{"line":259,"type":"if","locations":[{"start":{"line":259,"column":33},"end":{"line":259,"column":33}},{"start":{"line":259,"column":33},"end":{"line":259,"column":33}}]},"29":{"line":263,"type":"if","locations":[{"start":{"line":263,"column":12},"end":{"line":263,"column":12}},{"start":{"line":263,"column":12},"end":{"line":263,"column":12}}]},"30":{"line":268,"type":"if","locations":[{"start":{"line":268,"column":61},"end":{"line":268,"column":61}},{"start":{"line":268,"column":61},"end":{"line":268,"column":61}}]},"31":{"line":279,"type":"if","locations":[{"start":{"line":279,"column":80},"end":{"line":279,"column":80}},{"start":{"line":279,"column":80},"end":{"line":279,"column":80}}]},"32":{"line":291,"type":"if","locations":[{"start":{"line":291,"column":8},"end":{"line":291,"column":8}},{"start":{"line":291,"column":8},"end":{"line":291,"column":8}}]},"33":{"line":299,"type":"if","locations":[{"start":{"line":299,"column":8},"end":{"line":299,"column":8}},{"start":{"line":299,"column":8},"end":{"line":299,"column":8}}]}}},
"contracts\\MowsePRNG.sol":{"l":{"19":0,"20":0,"27":0,"34":0,"35":0},"path":"C:\\Users\\msarc\\Code\\MowseGame\\web3\\diamonds\\contracts\\MowsePRNG.sol","s":{"1":0,"2":0,"3":0,"4":0},"b":{},"f":{"1":0,"2":0,"3":0},"fnMap":{"1":{"name":"prng","line":18,"loc":{"start":{"line":18,"column":4},"end":{"line":21,"column":4}}},"2":{"name":"prng","line":26,"loc":{"start":{"line":26,"column":4},"end":{"line":28,"column":4}}},"3":{"name":"_prng","line":31,"loc":{"start":{"line":31,"column":4},"end":{"line":42,"column":4}}}},"statementMap":{"1":{"start":{"line":19,"column":8},"end":{"line":19,"column":70}},"2":{"start":{"line":20,"column":8},"end":{"line":20,"column":28}},"3":{"start":{"line":27,"column":8},"end":{"line":27,"column":31}},"4":{"start":{"line":35,"column":8},"end":{"line":35,"column":1396}}},"branchMap":{}},
"contracts\\TestMowseAvatar.sol":{"l":{},"path":"C:\\Users\\msarc\\Code\\MowseGame\\web3\\diamonds\\contracts\\TestMowseAvatar.sol","s":{},"b":{},"f":{},"fnMap":{},"statementMap":{},"branchMap":{}},
"contracts\\TestMowseAvatarv2.sol":{"l":{},"path":"C:\\Users\\msarc\\Code\\MowseGame\\web3\\diamonds\\contracts\\TestMowseAvatarv2.sol","s":{},"b":{},"f":{},"fnMap":{},"statementMap":{},"branchMap":{}},
"contracts\\upgradeInitializers\\DiamondInit.sol":{"l":{"45":1,"46":1,"47":1,"48":1,"49":1,"50":1,"51":1,"52":1,"53":1,"54":1,"57":1,"58":1,"59":1,"60":1,"61":1,"62":1,"64":1,"65":1,"66":1,"67":1,"68":1,"69":1,"70":1,"71":1,"72":1,"73":1,"75":1,"76":1,"77":1,"79":1,"80":1,"81":1,"83":1,"84":1,"86":1,"88":1,"89":1,"91":1,"92":1,"93":1,"95":1,"96":1,"97":1,"98":1,"99":1,"100":1,"101":1,"102":1,"103":1,"104":1,"105":1,"106":1,"107":1,"109":1,"110":12,"114":1,"115":1,"116":1,"117":1,"118":1,"119":1,"120":1,"121":1,"122":1,"123":1,"124":1,"125":1,"126":1,"127":1,"128":1,"129":1,"130":1,"131":1,"132":1,"133":1,"134":1,"135":1,"136":1,"137":1,"138":1,"139":1,"140":1,"151":0,"169":0},"path":"C:\\Users\\msarc\\Code\\MowseGame\\web3\\diamonds\\contracts\\upgradeInitializers\\DiamondInit.sol","s":{"1":1,"2":1,"3":1,"4":1,"5":1,"6":1,"7":1,"8":1,"9":1,"10":1,"11":1,"12":1,"13":1,"14":1,"15":1,"16":1,"17":1,"18":1,"19":1,"20":1,"21":1,"22":1,"23":1,"24":1,"25":1,"26":1,"27":1,"28":1,"29":1,"30":1,"31":1,"32":1,"33":0,"34":0},"b":{},"f":{"1":1,"2":0,"3":0},"fnMap":{"1":{"name":"init","line":43,"loc":{"start":{"line":43,"column":2},"end":{"line":141,"column":2}}},"2":{"name":"createBaseDimensions","line":143,"loc":{"start":{"line":143,"column":2},"end":{"line":159,"column":2}}},"3":{"name":"createMowseWearMetadata","line":160,"loc":{"start":{"line":160,"column":2},"end":{"line":178,"column":2}}}},"statementMap":{"1":{"start":{"line":45,"column":4},"end":{"line":45,"column":70}},"2":{"start":{"line":57,"column":4},"end":{"line":57,"column":66}},"3":{"start":{"line":58,"column":4},"end":{"line":58,"column":43}},"4":{"start":{"line":59,"column":4},"end":{"line":59,"column":48}},"5":{"start":{"line":60,"column":4},"end":{"line":60,"column":44}},"6":{"start":{"line":61,"column":4},"end":{"line":61,"column":47}},"7":{"start":{"line":62,"column":4},"end":{"line":62,"column":47}},"8":{"start":{"line":64,"column":4},"end":{"line":64,"column":67}},"9":{"start":{"line":65,"column":4},"end":{"line":65,"column":63}},"10":{"start":{"line":66,"column":4},"end":{"line":66,"column":69}},"11":{"start":{"line":67,"column":4},"end":{"line":67,"column":60}},"12":{"start":{"line":68,"column":4},"end":{"line":68,"column":64}},"13":{"start":{"line":69,"column":4},"end":{"line":69,"column":67}},"14":{"start":{"line":70,"column":4},"end":{"line":70,"column":75}},"15":{"start":{"line":71,"column":4},"end":{"line":71,"column":62}},"16":{"start":{"line":72,"column":4},"end":{"line":72,"column":61}},"17":{"start":{"line":73,"column":4},"end":{"line":73,"column":67}},"18":{"start":{"line":91,"column":4},"end":{"line":91,"column":75}},"19":{"start":{"line":95,"column":4},"end":{"line":95,"column":53}},"20":{"start":{"line":96,"column":4},"end":{"line":96,"column":37}},"21":{"start":{"line":97,"column":4},"end":{"line":97,"column":39}},"22":{"start":{"line":98,"column":4},"end":{"line":98,"column":31}},"23":{"start":{"line":99,"column":4},"end":{"line":99,"column":29}},"24":{"start":{"line":100,"column":4},"end":{"line":100,"column":27}},"25":{"start":{"line":101,"column":4},"end":{"line":101,"column":30}},"26":{"start":{"line":102,"column":4},"end":{"line":102,"column":27}},"27":{"start":{"line":103,"column":4},"end":{"line":103,"column":29}},"28":{"start":{"line":104,"column":4},"end":{"line":104,"column":29}},"29":{"start":{"line":105,"column":4},"end":{"line":105,"column":29}},"30":{"start":{"line":106,"column":4},"end":{"line":106,"column":30}},"31":{"start":{"line":107,"column":4},"end":{"line":107,"column":29}},"32":{"start":{"line":109,"column":4},"end":{"line":109,"column":5048}},"33":{"start":{"line":151,"column":4},"end":{"line":151,"column":6971}},"34":{"start":{"line":169,"column":4},"end":{"line":169,"column":7461}}},"branchMap":{}}}
