TN:
SF:C:\Users\msarc\Code\MowseGame\web3\diamonds\contracts\Diamond.sol
FN:16,constructor
FN:33,
FNF:2
FNH:2
FNDA:3,constructor
FNDA:484,
DA:17,3
DA:20,3
DA:21,3
DA:22,3
DA:23,3
DA:28,3
DA:34,484
DA:35,484
DA:37,484
DA:41,484
DA:42,484
DA:44,484
LF:12
LH:12
BRDA:42,1,0,484
BRDA:42,1,1,0
BRF:2
BRH:1
end_of_record
TN:
SF:C:\Users\msarc\Code\MowseGame\web3\diamonds\contracts\facets\AccessControlFacet.sol
FN:23,onlyAdminOrCore
FN:27,onlyAccessControlAdmin
FN:32,hasAdminRole
FN:35,hasMowseAdminRole
FN:38,hasMowseMinterRole
FN:41,hasMowseWearMinterRole
FN:44,hasMowseWearAdminRole
FN:47,hasMowseGameAdminRole
FN:51,addAccountToAdminRole
FN:54,addAccountToMowseAdminRole
FN:57,addAccountToMowseMinterRole
FN:60,addAccountToMowseWearMinterRole
FN:63,addAccountToMowseWearAdminRole
FN:66,addAccountToMowseGameAdminRole
FNF:14
FNH:7
FNDA:0,onlyAdminOrCore
FNDA:1,onlyAccessControlAdmin
FNDA:0,hasAdminRole
FNDA:72,hasMowseAdminRole
FNDA:6,hasMowseMinterRole
FNDA:35,hasMowseWearMinterRole
FNDA:9,hasMowseWearAdminRole
FNDA:8,hasMowseGameAdminRole
FNDA:0,addAccountToAdminRole
FNDA:0,addAccountToMowseAdminRole
FNDA:0,addAccountToMowseMinterRole
FNDA:1,addAccountToMowseWearMinterRole
FNDA:0,addAccountToMowseWearAdminRole
FNDA:0,addAccountToMowseGameAdminRole
DA:24,0
DA:25,0
DA:28,1
DA:29,1
DA:33,0
DA:36,72
DA:39,6
DA:42,35
DA:45,9
DA:48,8
DA:52,0
DA:55,0
DA:58,0
DA:61,1
DA:64,0
DA:67,0
LF:16
LH:8
BRDA:24,1,0,0
BRDA:24,1,1,0
BRDA:24,2,0,0
BRDA:24,2,1,0
BRDA:28,3,0,1
BRDA:28,3,1,0
BRDA:51,4,0,0
BRDA:51,4,1,0
BRDA:54,5,0,0
BRDA:54,5,1,0
BRDA:57,6,0,0
BRDA:57,6,1,0
BRDA:60,7,0,1
BRDA:60,7,1,0
BRDA:63,8,0,0
BRDA:63,8,1,0
BRDA:66,9,0,0
BRDA:66,9,1,0
BRF:18
BRH:2
end_of_record
TN:
SF:C:\Users\msarc\Code\MowseGame\web3\diamonds\contracts\facets\DiamondCutFacet.sol
FN:22,diamondCut
FNF:1
FNH:1
FNDA:1,diamondCut
DA:27,1
DA:28,1
LF:2
LH:2
BRF:0
BRH:0
end_of_record
TN:
SF:C:\Users\msarc\Code\MowseGame\web3\diamonds\contracts\facets\DiamondLoupeFacet.sol
FN:27,facets
FN:41,facetFunctionSelectors
FN:48,facetAddresses
FN:57,facetAddress
FN:63,supportsInterface
FNF:5
FNH:3
FNDA:0,facets
FNDA:3,facetFunctionSelectors
FNDA:1,facetAddresses
FNDA:4,facetAddress
FNDA:0,supportsInterface
DA:28,0
DA:29,0
DA:30,0
DA:31,0
DA:32,0
DA:33,0
DA:34,0
DA:42,3
DA:43,3
DA:49,1
DA:50,1
DA:58,4
DA:59,4
DA:64,0
DA:65,0
LF:15
LH:6
BRF:0
BRH:0
end_of_record
TN:
SF:C:\Users\msarc\Code\MowseGame\web3\diamonds\contracts\facets\GameStorageFacet.sol
FN:20,onlyAdminOrCore
FN:24,testPatchExists
FN:29,isPaused
FN:32,getMowseTokenIdCounter
FN:37,setHasPurchasedMowseGold
FN:43,getMowseGoldToClaim
FN:46,setMowseGoldToClaim
FN:50,claimInitialMowseGold
FN:57,getPatchVersion
FN:60,getUniqueInteractionCount
FN:63,getInteractedAddresses
FN:66,getNumberOfInteractionsByAddress
FN:69,testPatchInteraction
FN:77,nextPatch
FN:82,setTreasuryAddress
FN:85,pause
FN:88,approveMowseGold
FN:93,withdraw
FNF:18
FNH:12
FNDA:4,onlyAdminOrCore
FNDA:6,testPatchExists
FNDA:0,isPaused
FNDA:1,getMowseTokenIdCounter
FNDA:2,setHasPurchasedMowseGold
FNDA:0,getMowseGoldToClaim
FNDA:0,setMowseGoldToClaim
FNDA:0,claimInitialMowseGold
FNDA:2,getPatchVersion
FNDA:2,getUniqueInteractionCount
FNDA:2,getInteractedAddresses
FNDA:2,getNumberOfInteractionsByAddress
FNDA:26,testPatchInteraction
FNDA:1,nextPatch
FNDA:0,setTreasuryAddress
FNDA:0,pause
FNDA:1,approveMowseGold
FNDA:2,withdraw
DA:21,4
DA:22,4
DA:25,6
DA:26,6
DA:30,0
DA:33,1
DA:38,2
DA:39,2
DA:44,0
DA:47,0
DA:48,0
DA:51,0
DA:52,0
DA:53,0
DA:58,2
DA:61,2
DA:64,2
DA:67,2
DA:70,26
DA:71,26
DA:72,5
DA:73,5
DA:75,26
DA:78,1
DA:79,1
DA:83,0
DA:86,0
DA:89,1
DA:91,1
DA:94,2
DA:95,2
DA:96,2
DA:98,2
DA:99,2
LF:34
LH:25
BRDA:21,1,0,4
BRDA:21,1,1,0
BRDA:21,2,0,0
BRDA:21,2,1,4
BRDA:25,3,0,6
BRDA:25,3,1,0
BRDA:38,4,0,2
BRDA:38,4,1,0
BRDA:47,5,0,0
BRDA:47,5,1,0
BRDA:51,6,0,0
BRDA:51,6,1,0
BRDA:60,7,0,2
BRDA:60,7,1,0
BRDA:63,8,0,2
BRDA:63,8,1,0
BRDA:66,9,0,2
BRDA:66,9,1,0
BRDA:71,10,0,5
BRDA:71,10,1,21
BRDA:77,11,0,1
BRDA:77,11,1,0
BRDA:82,12,0,0
BRDA:82,12,1,0
BRDA:85,13,0,0
BRDA:85,13,1,0
BRDA:88,14,0,1
BRDA:88,14,1,0
BRDA:93,15,0,2
BRDA:93,15,1,0
BRDA:99,16,0,2
BRDA:99,16,1,0
BRF:32
BRH:13
end_of_record
TN:
SF:C:\Users\msarc\Code\MowseGame\web3\diamonds\contracts\facets\MowseFacet.sol
FN:30,notPaused
FN:34,mowseMustExist
FN:39,mintMowse
FN:43,freeMint
FN:48,mintMowsePack
FN:54,mowseExists
FN:57,isMowsePackUpdated
FN:61,updateMowsePack
FN:71,mowseTokenURI
FN:74,_mint
FN:81,_setupMowse
FNF:11
FNH:10
FNDA:7,notPaused
FNDA:16,mowseMustExist
FNDA:3,mintMowse
FNDA:1,freeMint
FNDA:3,mintMowsePack
FNDA:0,mowseExists
FNDA:1,isMowsePackUpdated
FNDA:1,updateMowsePack
FNDA:12,mowseTokenURI
FNDA:4,_mint
FNDA:7,_setupMowse
DA:31,7
DA:32,7
DA:35,16
DA:36,14
DA:40,3
DA:41,3
DA:44,1
DA:45,1
DA:49,3
DA:50,3
DA:51,3
DA:52,3
DA:55,0
DA:58,1
DA:62,1
DA:63,0
DA:64,0
DA:65,0
DA:67,0
DA:69,0
DA:72,12
DA:75,4
DA:76,4
DA:77,4
DA:78,4
DA:83,7
DA:84,7
DA:85,7
DA:86,7
DA:87,7
DA:88,7
DA:91,7
LF:32
LH:26
BRDA:31,1,0,7
BRDA:31,1,1,0
BRDA:35,2,0,14
BRDA:35,2,1,2
BRDA:39,3,0,3
BRDA:39,3,1,0
BRDA:40,4,0,3
BRDA:40,4,1,0
BRDA:44,5,0,1
BRDA:44,5,1,0
BRDA:48,6,0,3
BRDA:48,6,1,0
BRDA:49,7,0,3
BRDA:49,7,1,0
BRDA:57,8,0,1
BRDA:57,8,1,0
BRDA:61,9,0,1
BRDA:61,9,1,0
BRDA:61,10,0,1
BRDA:61,10,1,0
BRDA:62,11,0,0
BRDA:62,11,1,1
BRDA:71,12,0,12
BRDA:71,12,1,2
BRF:24
BRH:14
end_of_record
TN:
SF:C:\Users\msarc\Code\MowseGame\web3\diamonds\contracts\facets\MowseGamesFacet.sol
FN:28,notPaused
FN:32,mowseGameExists
FN:37,getMowseGameData
FN:54,submitScore
FN:84,getNextAvailableScoreSubmit
FN:99,getScoreSubmitTime
FN:103,addMowseGame
FN:112,updateMowseGame
FNF:8
FNH:8
FNDA:8,notPaused
FNDA:97,mowseGameExists
FNDA:7,getMowseGameData
FNDA:8,submitScore
FNDA:23,getNextAvailableScoreSubmit
FNDA:54,getScoreSubmitTime
FNDA:1,addMowseGame
FNDA:4,updateMowseGame
DA:29,8
DA:30,8
DA:33,97
DA:34,96
DA:38,7
DA:39,7
DA:40,4
DA:41,5
DA:42,5
DA:43,5
DA:46,7
DA:55,8
DA:56,7
DA:58,7
DA:59,6
DA:61,6
DA:62,6
DA:63,6
DA:64,6
DA:65,2
DA:66,2
DA:68,6
DA:71,6
DA:72,4
DA:74,2
DA:76,6
DA:78,6
DA:81,0
DA:85,23
DA:86,16
DA:87,9
DA:89,2
DA:90,0
DA:92,0
DA:94,0
DA:96,2
DA:100,54
DA:101,54
DA:104,1
DA:105,1
DA:106,1
DA:108,1
DA:109,1
DA:110,1
DA:113,4
DA:115,4
DA:117,3
DA:119,2
DA:120,2
DA:121,2
DA:123,3
LF:51
LH:47
BRDA:29,1,0,8
BRDA:29,1,1,0
BRDA:33,2,0,96
BRDA:33,2,1,1
BRDA:37,3,0,7
BRDA:37,3,1,0
BRDA:39,4,0,4
BRDA:39,4,1,3
BRDA:54,5,0,8
BRDA:54,5,1,0
BRDA:54,6,0,8
BRDA:54,6,1,0
BRDA:55,7,0,7
BRDA:55,7,1,1
BRDA:56,8,0,7
BRDA:56,8,1,0
BRDA:56,9,0,7
BRDA:56,9,1,0
BRDA:59,10,0,6
BRDA:59,10,1,0
BRDA:64,11,0,2
BRDA:64,11,1,4
BRDA:71,12,0,4
BRDA:71,12,1,2
BRDA:84,13,0,23
BRDA:84,13,1,0
BRDA:85,14,0,7
BRDA:85,14,1,16
BRDA:86,15,0,7
BRDA:86,15,1,9
BRDA:87,16,0,7
BRDA:87,16,1,2
BRDA:89,17,0,0
BRDA:89,17,1,2
BRDA:91,18,0,0
BRDA:91,18,1,2
BRDA:93,19,0,0
BRDA:93,19,1,2
BRDA:99,20,0,54
BRDA:99,20,1,0
BRDA:100,21,0,54
BRDA:100,21,1,0
BRDA:104,22,0,1
BRDA:104,22,1,0
BRDA:105,23,0,1
BRDA:105,23,1,0
BRDA:106,24,0,1
BRDA:106,24,1,0
BRDA:112,25,0,4
BRDA:112,25,1,1
BRDA:113,26,0,4
BRDA:113,26,1,0
BRDA:115,27,0,3
BRDA:115,27,1,1
BRDA:117,28,0,2
BRDA:117,28,1,1
BRF:56
BRH:39
end_of_record
TN:
SF:C:\Users\msarc\Code\MowseGame\web3\diamonds\contracts\facets\MowseLootboxFacet.sol
FN:30,notPaused
FN:34,getMowseLootboxData
FN:41,purchaseMowseLootbox
FN:55,stitchMowseLootbox
FN:60,randomlyMintLootboxItem
FN:74,updateMowseLootboxItem
FN:89,_prove
FN:93,getProofById
FN:97,proveById
FN:106,resetMowseLootbox
FN:117,setMowseLootboxActive
FN:121,setMowseLootboxPrice
FN:125,setMowseLootboxName
FNF:13
FNH:12
FNDA:8,notPaused
FNDA:7,getMowseLootboxData
FNDA:8,purchaseMowseLootbox
FNDA:1,stitchMowseLootbox
FNDA:7,randomlyMintLootboxItem
FNDA:57,updateMowseLootboxItem
FNDA:2,_prove
FNDA:2,getProofById
FNDA:2,proveById
FNDA:1,resetMowseLootbox
FNDA:4,setMowseLootboxActive
FNDA:0,setMowseLootboxPrice
FNDA:1,setMowseLootboxName
DA:31,8
DA:32,8
DA:35,7
DA:36,7
DA:37,12
DA:39,7
DA:42,8
DA:43,8
DA:44,8
DA:45,7
DA:46,6
DA:47,6
DA:49,6
DA:51,6
DA:53,6
DA:56,1
DA:58,1
DA:62,7
DA:63,7
DA:64,7
DA:66,7
DA:67,7
DA:68,7
DA:69,7
DA:71,7
DA:75,57
DA:78,57
DA:79,55
DA:80,55
DA:82,2
DA:84,1
DA:90,2
DA:94,2
DA:95,1
DA:98,2
DA:99,2
DA:100,1
DA:102,1
DA:107,1
DA:109,1
DA:110,1
DA:111,1
DA:112,1
DA:115,1
DA:118,4
DA:119,4
DA:122,0
DA:123,0
DA:126,1
DA:127,1
DA:128,0
LF:51
LH:48
BRDA:31,1,0,8
BRDA:31,1,1,0
BRDA:41,2,0,8
BRDA:41,2,1,0
BRDA:43,3,0,8
BRDA:43,3,1,0
BRDA:44,4,0,7
BRDA:44,4,1,1
BRDA:45,5,0,6
BRDA:45,5,1,1
BRDA:46,6,0,6
BRDA:46,6,1,0
BRDA:56,7,0,1
BRDA:56,7,1,0
BRDA:75,8,0,57
BRDA:75,8,1,0
BRDA:78,9,0,55
BRDA:78,9,1,2
BRDA:82,10,0,1
BRDA:82,10,1,1
BRDA:94,11,0,1
BRDA:94,11,1,1
BRDA:98,12,0,2
BRDA:98,12,1,0
BRDA:99,13,0,1
BRDA:99,13,1,1
BRDA:107,14,0,1
BRDA:107,14,1,0
BRDA:118,15,0,4
BRDA:118,15,1,0
BRDA:122,16,0,0
BRDA:122,16,1,0
BRDA:126,17,0,1
BRDA:126,17,1,0
BRDA:127,18,0,0
BRDA:127,18,1,1
BRF:36
BRH:23
end_of_record
TN:
SF:C:\Users\msarc\Code\MowseGame\web3\diamonds\contracts\facets\MowseVisualizerFacet.sol
FN:30,getMowseTokenURI
FN:50,getMowseWearTokenURI
FN:69,getMowseWearImageFromDictionary
FN:88,getMowseWearImage
FN:109,_getNameJSON
FN:112,_getGenerationJSON
FN:115,_getSkillLevelBoostsJSON
FN:122,_getBaseAttributesJSON
FN:135,_getBaseAttributeJSON
FN:146,_getMowseWearBaseAttributeJSON
FN:156,_getWearableAttributesJSON
FN:189,_getAttributeJSON
FN:204,_getMowseWearAttributeJSON
FN:232,_getTraitFrequency
FN:247,_getBonusStatsJSON
FN:261,_convertSkillStaticArrayToParts
FN:283,_getMowseImageJSON
FN:286,_getSVG
FN:312,_getSvgLayer
FN:332,_getMowseWearImageJSON
FNF:20
FNH:19
FNDA:12,getMowseTokenURI
FNDA:15,getMowseWearTokenURI
FNDA:0,getMowseWearImageFromDictionary
FNDA:20,getMowseWearImage
FNDA:12,_getNameJSON
FNDA:12,_getGenerationJSON
FNDA:12,_getSkillLevelBoostsJSON
FNDA:12,_getBaseAttributesJSON
FNDA:72,_getBaseAttributeJSON
FNDA:72,_getMowseWearBaseAttributeJSON
FNDA:12,_getWearableAttributesJSON
FNDA:144,_getAttributeJSON
FNDA:24,_getMowseWearAttributeJSON
FNDA:24,_getTraitFrequency
FNDA:24,_getBonusStatsJSON
FNDA:60,_convertSkillStaticArrayToParts
FNDA:12,_getMowseImageJSON
FNDA:12,_getSVG
FNDA:144,_getSvgLayer
FNDA:95,_getMowseWearImageJSON
DA:31,12
DA:51,15
DA:70,0
DA:89,20
DA:90,19
DA:110,12
DA:113,12
DA:116,12
DA:123,12
DA:128,12
DA:133,12
DA:140,72
DA:147,72
DA:157,12
DA:162,12
DA:167,12
DA:172,12
DA:178,12
DA:179,12
DA:180,7
DA:181,7
DA:184,5
DA:185,5
DA:187,5
DA:194,144
DA:195,144
DA:205,24
DA:206,24
DA:208,24
DA:233,24
DA:234,24
DA:235,24
DA:236,24
DA:248,24
DA:259,24
DA:262,60
DA:284,12
DA:287,12
DA:295,12
DA:303,12
DA:313,144
DA:314,144
DA:338,95
LF:43
LH:42
BRDA:89,1,0,19
BRDA:89,1,1,1
BRDA:179,2,0,7
BRDA:179,2,1,5
BRDA:185,3,0,3
BRDA:185,3,1,2
BRDA:197,4,0,9
BRDA:197,4,1,135
BRDA:316,5,0,9
BRDA:316,5,1,135
BRF:10
BRH:10
end_of_record
TN:
SF:C:\Users\msarc\Code\MowseGame\web3\diamonds\contracts\facets\MowseWalletFacet.sol
FNF:0
FNH:0
LF:0
LH:0
BRF:0
BRH:0
end_of_record
TN:
SF:C:\Users\msarc\Code\MowseGame\web3\diamonds\contracts\facets\MowseWearFacet.sol
FN:39,onlyAdmin
FN:43,notPaused
FN:47,mowseWearMustExist
FN:52,ownsMowseWear
FN:58,mintAndWearMowseWear
FN:80,stitchMowseWear
FN:95,getDurabilityDays
FN:103,wearMowseWear
FN:121,mintMowseWear
FN:136,unequipAllMowseWear
FN:148,getMowseWearNameFromDictionary
FN:153,getMowseWearByDictionaryIndex
FN:162,bulkAddMowseWearToDictionary
FN:190,addMowseWearToDictionary
FN:238,updateMowseWearDictionary
FN:257,tokenURI
FN:260,mowseWearExists
FN:263,hemMowseWear
FN:288,_setupMowseWear
FN:329,_updateMowseWearDictionary
FN:357,_setupBonuses
FN:401,_updateMowseStats
FNF:22
FNH:21
FNDA:32,onlyAdmin
FNDA:26,notPaused
FNDA:18,mowseWearMustExist
FNDA:18,ownsMowseWear
FNDA:5,mintAndWearMowseWear
FNDA:2,stitchMowseWear
FNDA:3,getDurabilityDays
FNDA:5,wearMowseWear
FNDA:26,mintMowseWear
FNDA:9,unequipAllMowseWear
FNDA:9,getMowseWearNameFromDictionary
FNDA:0,getMowseWearByDictionaryIndex
FNDA:1,bulkAddMowseWearToDictionary
FNDA:28,addMowseWearToDictionary
FNDA:2,updateMowseWearDictionary
FNDA:15,tokenURI
FNDA:20,mowseWearExists
FNDA:2,hemMowseWear
FNDA:28,_setupMowseWear
FNDA:28,_updateMowseWearDictionary
FNDA:29,_setupBonuses
FNDA:18,_updateMowseStats
DA:40,32
DA:41,31
DA:44,26
DA:45,26
DA:48,18
DA:50,15
DA:53,18
DA:54,15
DA:59,5
DA:60,5
DA:63,5
DA:64,5
DA:65,5
DA:67,5
DA:69,5
DA:70,5
DA:73,5
DA:74,5
DA:75,5
DA:76,5
DA:78,5
DA:81,2
DA:83,2
DA:84,1
DA:85,1
DA:87,1
DA:89,1
DA:90,1
DA:91,1
DA:93,1
DA:96,3
DA:97,0
DA:98,0
DA:99,0
DA:100,0
DA:101,0
DA:104,5
DA:105,4
DA:106,4
DA:108,4
DA:109,1
DA:110,1
DA:111,1
DA:113,3
DA:114,3
DA:115,3
DA:117,4
DA:119,4
DA:122,26
DA:123,24
DA:124,23
DA:125,23
DA:127,23
DA:128,23
DA:130,23
DA:132,23
DA:133,23
DA:134,23
DA:137,9
DA:138,9
DA:139,108
DA:140,108
DA:141,5
DA:142,5
DA:143,5
DA:146,9
DA:149,9
DA:151,7
DA:154,0
DA:155,0
DA:156,0
DA:157,0
DA:158,0
DA:159,0
DA:163,1
DA:164,2
DA:191,28
DA:192,28
DA:193,28
DA:194,27
DA:195,27
DA:196,27
DA:197,27
DA:212,27
DA:214,27
DA:216,27
DA:218,27
DA:221,27
DA:222,27
DA:224,27
DA:239,2
DA:240,1
DA:241,1
DA:242,1
DA:243,1
DA:258,15
DA:261,20
DA:264,2
DA:265,2
DA:266,1
DA:268,1
DA:270,1
DA:272,0
DA:274,1
DA:275,1
DA:276,1
DA:277,1
DA:278,1
DA:279,1
DA:280,1
DA:281,1
DA:282,1
DA:283,1
DA:286,1
DA:290,28
DA:292,28
DA:293,28
DA:294,28
DA:295,28
DA:296,28
DA:297,28
DA:298,28
DA:301,28
DA:302,28
DA:303,28
DA:304,28
DA:305,28
DA:306,28
DA:309,28
DA:310,28
DA:311,28
DA:312,28
DA:313,28
DA:314,28
DA:317,28
DA:318,28
DA:319,28
DA:320,28
DA:321,28
DA:322,28
DA:323,28
DA:324,28
DA:325,28
DA:326,28
DA:327,28
DA:343,28
DA:344,28
DA:345,28
DA:346,28
DA:347,28
DA:348,28
DA:349,28
DA:350,28
DA:351,28
DA:352,28
DA:353,28
DA:354,28
DA:355,28
DA:358,29
DA:359,29
DA:360,29
DA:361,15
DA:363,6
DA:365,7
DA:367,0
DA:369,1
DA:371,0
DA:374,29
DA:375,3
DA:377,29
DA:379,29
DA:380,204
DA:381,204
DA:383,204
DA:384,204
DA:385,149
DA:387,55
DA:390,29
DA:391,29
DA:392,29
DA:393,29
DA:394,29
DA:395,29
DA:396,29
DA:397,29
DA:399,29
DA:402,18
DA:403,18
DA:405,216
DA:406,13
DA:407,91
DA:408,91
DA:413,18
LF:193
LH:179
BRDA:40,1,0,31
BRDA:40,1,1,1
BRDA:44,2,0,26
BRDA:44,2,1,0
BRDA:48,3,0,15
BRDA:48,3,1,3
BRDA:53,4,0,15
BRDA:53,4,1,3
BRDA:59,5,0,5
BRDA:59,5,1,0
BRDA:60,6,0,5
BRDA:60,6,1,0
BRDA:80,7,0,3
BRDA:80,7,1,0
BRDA:80,8,0,3
BRDA:80,8,1,0
BRDA:80,9,0,2
BRDA:80,9,1,1
BRDA:81,10,0,2
BRDA:81,10,1,0
BRDA:83,11,0,1
BRDA:83,11,1,1
BRDA:84,12,0,0
BRDA:84,12,1,1
BRDA:85,13,0,0
BRDA:85,13,1,1
BRDA:96,14,0,3
BRDA:96,14,1,0
BRDA:97,15,0,0
BRDA:97,15,1,0
BRDA:98,16,0,0
BRDA:98,16,1,0
BRDA:99,17,0,0
BRDA:99,17,1,0
BRDA:100,18,0,0
BRDA:100,18,1,0
BRDA:101,19,0,0
BRDA:101,19,1,0
BRDA:103,20,0,5
BRDA:103,20,1,1
BRDA:104,21,0,1
BRDA:104,21,1,4
BRDA:108,22,0,1
BRDA:108,22,1,3
BRDA:121,23,0,26
BRDA:121,23,1,0
BRDA:122,24,0,24
BRDA:122,24,1,2
BRDA:123,25,0,23
BRDA:123,25,1,1
BRDA:137,26,0,9
BRDA:137,26,1,0
BRDA:140,27,0,5
BRDA:140,27,1,103
BRDA:149,28,0,7
BRDA:149,28,1,2
BRDA:154,29,0,0
BRDA:154,29,1,0
BRDA:162,30,0,1
BRDA:162,30,1,0
BRDA:190,31,0,28
BRDA:190,31,1,1
BRDA:192,32,0,28
BRDA:192,32,1,0
BRDA:193,33,0,27
BRDA:193,33,1,1
BRDA:212,34,0,27
BRDA:212,34,1,0
BRDA:238,35,0,2
BRDA:238,35,1,0
BRDA:239,36,0,1
BRDA:239,36,1,1
BRDA:240,37,0,1
BRDA:240,37,1,0
BRDA:241,38,0,1
BRDA:241,38,1,0
BRDA:257,39,0,15
BRDA:257,39,1,3
BRDA:263,40,0,2
BRDA:263,40,1,1
BRDA:264,41,0,2
BRDA:264,41,1,0
BRDA:265,42,0,1
BRDA:265,42,1,1
BRDA:266,43,0,1
BRDA:266,43,1,0
BRDA:270,44,0,0
BRDA:270,44,1,1
BRDA:360,45,0,15
BRDA:360,45,1,14
BRDA:362,46,0,6
BRDA:362,46,1,8
BRDA:364,47,0,7
BRDA:364,47,1,1
BRDA:366,48,0,0
BRDA:366,48,1,1
BRDA:368,49,0,1
BRDA:368,49,1,0
BRDA:370,50,0,0
BRDA:370,50,1,0
BRDA:374,51,0,3
BRDA:374,51,1,26
BRDA:384,52,0,149
BRDA:384,52,1,55
BRDA:405,53,0,13
BRDA:405,53,1,203
BRF:106
BRH:70
end_of_record
TN:
SF:C:\Users\msarc\Code\MowseGame\web3\diamonds\contracts\facets\OwnershipFacet.sol
FN:8,transferOwnership
FN:13,owner
FNF:2
FNH:0
FNDA:0,transferOwnership
FNDA:0,owner
DA:9,0
DA:10,0
DA:14,0
LF:3
LH:0
BRF:0
BRH:0
end_of_record
TN:
SF:C:\Users\msarc\Code\MowseGame\web3\diamonds\contracts\facets\Test1Facet.sol
FN:7,test1Func1
FN:9,test1Func2
FN:11,test1Func3
FN:13,test1Func4
FN:15,test1Func5
FN:17,test1Func6
FN:19,test1Func7
FN:21,test1Func8
FN:23,test1Func9
FN:25,test1Func10
FN:27,test1Func11
FN:29,test1Func12
FN:31,test1Func13
FN:33,test1Func14
FN:35,test1Func15
FN:37,test1Func16
FN:39,test1Func17
FN:41,test1Func18
FN:43,test1Func19
FN:45,test1Func20
FN:47,supportsInterface
FNF:21
FNH:0
FNDA:0,test1Func1
FNDA:0,test1Func2
FNDA:0,test1Func3
FNDA:0,test1Func4
FNDA:0,test1Func5
FNDA:0,test1Func6
FNDA:0,test1Func7
FNDA:0,test1Func8
FNDA:0,test1Func9
FNDA:0,test1Func10
FNDA:0,test1Func11
FNDA:0,test1Func12
FNDA:0,test1Func13
FNDA:0,test1Func14
FNDA:0,test1Func15
FNDA:0,test1Func16
FNDA:0,test1Func17
FNDA:0,test1Func18
FNDA:0,test1Func19
FNDA:0,test1Func20
FNDA:0,supportsInterface
LF:0
LH:0
BRF:0
BRH:0
end_of_record
TN:
SF:C:\Users\msarc\Code\MowseGame\web3\diamonds\contracts\facets\Test2Facet.sol
FN:5,test2Func1
FN:7,test2Func2
FN:9,test2Func3
FN:11,test2Func4
FN:13,test2Func5
FN:15,test2Func6
FN:17,test2Func7
FN:19,test2Func8
FN:21,test2Func9
FN:23,test2Func10
FN:25,test2Func11
FN:27,test2Func12
FN:29,test2Func13
FN:31,test2Func14
FN:33,test2Func15
FN:35,test2Func16
FN:37,test2Func17
FN:39,test2Func18
FN:41,test2Func19
FN:43,test2Func20
FNF:20
FNH:0
FNDA:0,test2Func1
FNDA:0,test2Func2
FNDA:0,test2Func3
FNDA:0,test2Func4
FNDA:0,test2Func5
FNDA:0,test2Func6
FNDA:0,test2Func7
FNDA:0,test2Func8
FNDA:0,test2Func9
FNDA:0,test2Func10
FNDA:0,test2Func11
FNDA:0,test2Func12
FNDA:0,test2Func13
FNDA:0,test2Func14
FNDA:0,test2Func15
FNDA:0,test2Func16
FNDA:0,test2Func17
FNDA:0,test2Func18
FNDA:0,test2Func19
FNDA:0,test2Func20
LF:0
LH:0
BRF:0
BRH:0
end_of_record
TN:
SF:C:\Users\msarc\Code\MowseGame\web3\diamonds\contracts\interfaces\IDiamondCut.sol
FNF:0
FNH:0
LF:0
LH:0
BRF:0
BRH:0
end_of_record
TN:
SF:C:\Users\msarc\Code\MowseGame\web3\diamonds\contracts\interfaces\IDiamondLoupe.sol
FNF:0
FNH:0
LF:0
LH:0
BRF:0
BRH:0
end_of_record
TN:
SF:C:\Users\msarc\Code\MowseGame\web3\diamonds\contracts\interfaces\IERC165.sol
FNF:0
FNH:0
LF:0
LH:0
BRF:0
BRH:0
end_of_record
TN:
SF:C:\Users\msarc\Code\MowseGame\web3\diamonds\contracts\interfaces\IERC173.sol
FNF:0
FNH:0
LF:0
LH:0
BRF:0
BRH:0
end_of_record
TN:
SF:C:\Users\msarc\Code\MowseGame\web3\diamonds\contracts\interfaces\IMowseMetadataVisualizer.sol
FNF:0
FNH:0
LF:0
LH:0
BRF:0
BRH:0
end_of_record
TN:
SF:C:\Users\msarc\Code\MowseGame\web3\diamonds\contracts\interfaces\IMowsePack.sol
FNF:0
FNH:0
LF:0
LH:0
BRF:0
BRH:0
end_of_record
TN:
SF:C:\Users\msarc\Code\MowseGame\web3\diamonds\contracts\interfaces\IMowsePRNG.sol
FNF:0
FNH:0
LF:0
LH:0
BRF:0
BRH:0
end_of_record
TN:
SF:C:\Users\msarc\Code\MowseGame\web3\diamonds\contracts\interfaces\IMowseWearVisualizer.sol
FNF:0
FNH:0
LF:0
LH:0
BRF:0
BRH:0
end_of_record
TN:
SF:C:\Users\msarc\Code\MowseGame\web3\diamonds\contracts\libraries\Base64.sol
FN:15,encode
FNF:1
FNH:1
FNDA:58,encode
DA:16,58
DA:17,58
DA:20,58
DA:23,58
DA:25,58
DA:27,58
DA:64,58
LF:7
LH:7
BRDA:17,1,0,0
BRDA:17,1,1,58
BRF:2
BRH:1
end_of_record
TN:
SF:C:\Users\msarc\Code\MowseGame\web3\diamonds\contracts\libraries\LibDiamond.sol
FN:43,diamondStorage
FN:52,setContractOwner
FN:59,contractOwner
FN:63,enforceIsContractOwner
FN:70,diamondCut
FN:91,addFunctions
FN:109,replaceFunctions
FN:128,removeFunctions
FN:140,addFacet
FN:147,addFunction
FN:153,removeFunction
FN:185,initializeDiamondCut
FN:205,enforceHasContractCode
FNF:13
FNH:10
FNDA:61,diamondStorage
FNDA:3,setContractOwner
FNDA:36,contractOwner
FNDA:1,enforceIsContractOwner
FNDA:4,diamondCut
FNDA:12,addFunctions
FNDA:0,replaceFunctions
FNDA:0,removeFunctions
FNDA:12,addFacet
FNDA:96,addFunction
FNDA:0,removeFunction
FNDA:4,initializeDiamondCut
FNDA:13,enforceHasContractCode
DA:44,61
DA:45,61
DA:53,3
DA:54,3
DA:55,3
DA:56,3
DA:60,36
DA:64,1
DA:75,4
DA:76,12
DA:77,12
DA:78,12
DA:80,0
DA:82,0
DA:84,0
DA:87,4
DA:88,4
DA:92,12
DA:93,12
DA:94,12
DA:95,12
DA:97,12
DA:98,12
DA:100,12
DA:101,96
DA:102,96
DA:103,96
DA:104,96
DA:105,96
DA:110,0
DA:111,0
DA:112,0
DA:113,0
DA:115,0
DA:116,0
DA:118,0
DA:119,0
DA:120,0
DA:121,0
DA:122,0
DA:123,0
DA:124,0
DA:129,0
DA:130,0
DA:132,0
DA:133,0
DA:134,0
DA:135,0
DA:136,0
DA:141,12
DA:142,12
DA:143,12
DA:148,96
DA:149,96
DA:150,96
DA:154,0
DA:156,0
DA:158,0
DA:159,0
DA:161,0
DA:162,0
DA:163,0
DA:164,0
DA:167,0
DA:168,0
DA:171,0
DA:173,0
DA:174,0
DA:175,0
DA:176,0
DA:177,0
DA:178,0
DA:180,0
DA:181,0
DA:186,4
DA:187,3
DA:189,1
DA:190,1
DA:191,1
DA:192,0
DA:195,0
DA:200,0
DA:206,13
DA:207,13
DA:210,13
LF:85
LH:40
BRDA:64,1,0,1
BRDA:64,1,1,0
BRDA:77,2,0,12
BRDA:77,2,1,0
BRDA:79,3,0,0
BRDA:79,3,1,0
BRDA:81,4,0,0
BRDA:81,4,1,0
BRDA:92,5,0,12
BRDA:92,5,1,0
BRDA:94,6,0,12
BRDA:94,6,1,0
BRDA:97,7,0,12
BRDA:97,7,1,0
BRDA:103,8,0,96
BRDA:103,8,1,0
BRDA:110,9,0,0
BRDA:110,9,1,0
BRDA:112,10,0,0
BRDA:112,10,1,0
BRDA:115,11,0,0
BRDA:115,11,1,0
BRDA:121,12,0,0
BRDA:121,12,1,0
BRDA:129,13,0,0
BRDA:129,13,1,0
BRDA:132,14,0,0
BRDA:132,14,1,0
BRDA:154,15,0,0
BRDA:154,15,1,0
BRDA:156,16,0,0
BRDA:156,16,1,0
BRDA:161,17,0,0
BRDA:161,17,1,0
BRDA:171,18,0,0
BRDA:171,18,1,0
BRDA:175,19,0,0
BRDA:175,19,1,0
BRDA:186,20,0,3
BRDA:186,20,1,1
BRDA:191,21,0,0
BRDA:191,21,1,1
BRDA:192,22,0,0
BRDA:192,22,1,0
BRDA:210,23,0,13
BRDA:210,23,1,0
BRF:46
BRH:10
end_of_record
TN:
SF:C:\Users\msarc\Code\MowseGame\web3\diamonds\contracts\libraries\LibStorage.sol
FN:208,gameStorage
FN:214,testPatch
FN:220,mowse
FN:226,mowseWear
FN:232,mowseWearMetadata
FN:238,mowseWearBonuses
FN:244,mowseWearDimensions
FN:250,mowseLineage
FN:256,mowseBank
FN:262,mowseSkillTypes
FN:268,mowseLootbox
FN:274,bulkMowseWear
FN:280,mowseGames
FN:286,skillTypeToString
FN:297,equippableWearableSlotToString
FN:313,itemRarityToString
FN:321,isMowsePack
FN:326,gs
FN:329,tps
FN:332,ms
FN:335,mws
FN:338,mwms
FN:341,mwds
FN:344,mls
FN:347,mwbs
FN:350,mbs
FN:353,mst
FN:356,mlb
FN:359,bmw
FN:362,mgs
FN:365,skillTypeToString
FN:368,equippedWearableSlotToString
FN:371,itemRarityToString
FN:374,isMowsePack
FNF:34
FNH:6
FNDA:4126,gameStorage
FNDA:0,testPatch
FNDA:0,mowse
FNDA:0,mowseWear
FNDA:0,mowseWearMetadata
FNDA:0,mowseWearBonuses
FNDA:0,mowseWearDimensions
FNDA:0,mowseLineage
FNDA:0,mowseBank
FNDA:0,mowseSkillTypes
FNDA:0,mowseLootbox
FNDA:0,bulkMowseWear
FNDA:0,mowseGames
FNDA:0,skillTypeToString
FNDA:96,equippableWearableSlotToString
FNDA:24,itemRarityToString
FNDA:0,isMowsePack
FNDA:4126,gs
FNDA:0,tps
FNDA:0,ms
FNDA:0,mws
FNDA:0,mwms
FNDA:0,mwds
FNDA:0,mls
FNDA:0,mwbs
FNDA:0,mbs
FNDA:0,mst
FNDA:0,mlb
FNDA:0,bmw
FNDA:0,mgs
FNDA:0,skillTypeToString
FNDA:96,equippedWearableSlotToString
FNDA:24,itemRarityToString
FNDA:0,isMowsePack
DA:209,4126
DA:210,4126
DA:215,0
DA:216,0
DA:221,0
DA:222,0
DA:227,0
DA:228,0
DA:233,0
DA:234,0
DA:239,0
DA:240,0
DA:245,0
DA:246,0
DA:251,0
DA:252,0
DA:257,0
DA:258,0
DA:263,0
DA:264,0
DA:269,0
DA:270,0
DA:275,0
DA:276,0
DA:281,0
DA:282,0
DA:287,0
DA:289,0
DA:290,0
DA:291,0
DA:292,0
DA:293,0
DA:294,0
DA:295,0
DA:298,96
DA:300,96
DA:301,72
DA:302,65
DA:303,53
DA:304,40
DA:305,39
DA:306,26
DA:307,13
DA:308,12
DA:309,0
DA:310,0
DA:311,0
DA:314,24
DA:315,17
DA:316,7
DA:317,1
DA:318,1
DA:319,1
DA:322,0
DA:327,4126
DA:330,0
DA:333,0
DA:336,0
DA:339,0
DA:342,0
DA:345,0
DA:348,0
DA:351,0
DA:354,0
DA:357,0
DA:360,0
DA:363,0
DA:366,0
DA:369,96
DA:372,24
DA:375,0
LF:71
LH:21
BRDA:287,1,0,0
BRDA:287,1,1,0
BRDA:289,2,0,0
BRDA:289,2,1,0
BRDA:290,3,0,0
BRDA:290,3,1,0
BRDA:291,4,0,0
BRDA:291,4,1,0
BRDA:292,5,0,0
BRDA:292,5,1,0
BRDA:293,6,0,0
BRDA:293,6,1,0
BRDA:294,7,0,0
BRDA:294,7,1,0
BRDA:295,8,0,0
BRDA:295,8,1,0
BRDA:298,9,0,96
BRDA:298,9,1,0
BRDA:300,10,0,24
BRDA:300,10,1,72
BRDA:301,11,0,7
BRDA:301,11,1,65
BRDA:302,12,0,12
BRDA:302,12,1,53
BRDA:303,13,0,13
BRDA:303,13,1,40
BRDA:304,14,0,1
BRDA:304,14,1,39
BRDA:305,15,0,13
BRDA:305,15,1,26
BRDA:306,16,0,13
BRDA:306,16,1,13
BRDA:307,17,0,1
BRDA:307,17,1,12
BRDA:308,18,0,12
BRDA:308,18,1,0
BRDA:309,19,0,0
BRDA:309,19,1,0
BRDA:310,20,0,0
BRDA:310,20,1,0
BRDA:311,21,0,0
BRDA:311,21,1,0
BRDA:314,22,0,7
BRDA:314,22,1,17
BRDA:315,23,0,10
BRDA:315,23,1,7
BRDA:316,24,0,6
BRDA:316,24,1,1
BRDA:317,25,0,0
BRDA:317,25,1,1
BRDA:318,26,0,0
BRDA:318,26,1,1
BRDA:319,27,0,1
BRDA:319,27,1,0
BRF:54
BRH:27
end_of_record
TN:
SF:C:\Users\msarc\Code\MowseGame\web3\diamonds\contracts\libraries\LibUtils.sol
FN:8,int16ToString
FN:14,abs16
FN:20,getFirstChar
FN:25,substring
FN:33,utfStringLength
FNF:5
FNH:5
FNDA:420,int16ToString
FNDA:107,abs16
FNDA:5,getFirstChar
FNDA:3,substring
FNDA:3,utfStringLength
DA:9,420
DA:10,107
DA:11,107
DA:12,107
DA:16,107
DA:17,0
DA:18,107
DA:21,5
DA:22,5
DA:23,5
DA:26,3
DA:27,3
DA:28,3
DA:29,2272
DA:31,3
DA:34,3
DA:35,3
DA:37,3
DA:39,2275
DA:40,2275
DA:42,0
DA:44,0
DA:46,0
DA:49,0
DA:51,2275
LF:25
LH:20
BRDA:9,1,0,313
BRDA:9,1,1,107
BRDA:12,2,0,18
BRDA:12,2,1,89
BRDA:16,3,0,0
BRDA:16,3,1,107
BRDA:18,4,0,89
BRDA:18,4,1,18
BRDA:39,5,0,2275
BRDA:39,5,1,0
BRDA:41,6,0,0
BRDA:41,6,1,0
BRDA:43,7,0,0
BRDA:43,7,1,0
BRDA:45,8,0,0
BRDA:45,8,1,0
BRF:16
BRH:8
end_of_record
TN:
SF:C:\Users\msarc\Code\MowseGame\web3\diamonds\contracts\libraries\Randomness.sol
FN:13,getRandom
FN:18,getRandom
FN:23,getRandom
FN:32,getRandomRange
FN:40,getRandomRange
FN:49,getRandomRange
FN:59,_getRandom
FNF:7
FNH:2
FNDA:0,getRandom
FNDA:0,getRandom
FNDA:0,getRandom
FNDA:29,getRandomRange
FNDA:0,getRandomRange
FNDA:0,getRandomRange
FNDA:29,_getRandom
DA:14,0
DA:19,0
DA:28,0
DA:36,29
DA:45,0
DA:55,0
DA:66,29
DA:68,29
DA:75,29
DA:77,29
LF:10
LH:5
BRDA:66,1,0,29
BRDA:66,1,1,0
BRF:2
BRH:1
end_of_record
TN:
SF:C:\Users\msarc\Code\MowseGame\web3\diamonds\contracts\libraries\SetableCounters.sol
FN:8,set
FNF:1
FNH:1
FNDA:3,set
DA:9,3
LF:1
LH:1
BRF:0
BRH:0
end_of_record
TN:
SF:C:\Users\msarc\Code\MowseGame\web3\diamonds\contracts\libraries\SlothVerifiableDelay.sol
FN:15,verify
FN:38,bexmod
FN:61,compute
FNF:3
FNH:3
FNDA:2,verify
FNDA:1000,bexmod
FNDA:1,compute
DA:21,2
DA:22,2000
DA:25,2
DA:27,2
DA:29,1
DA:31,1
DA:43,1000
DA:44,1000
DA:45,1000
DA:46,131000
DA:47,75000
DA:50,131000
DA:53,1000
DA:66,1
DA:67,1
DA:69,1
DA:70,1000
DA:73,1
LF:18
LH:18
BRDA:27,1,0,1
BRDA:27,1,1,1
BRDA:29,2,0,0
BRDA:29,2,1,1
BRDA:46,3,0,75000
BRDA:46,3,1,56000
BRF:6
BRH:5
end_of_record
TN:
SF:C:\Users\msarc\Code\MowseGame\web3\diamonds\contracts\MowseAvatar.sol
FN:58,mustExist
FN:64,constructor
FN:68,initialize
FN:104,mintMowse
FN:112,mintMowsePack
FN:125,mintMowseForExistingMowsePack
FN:130,isMowsePack
FN:137,freeMint
FN:144,setMowseMintPrice
FN:147,pause
FN:150,unpause
FN:153,changeTeamAddress
FN:156,changeBackendAddress
FN:159,changeTreasuryAddress
FN:162,changeTeamTax
FN:165,changeBackendTax
FN:168,withdraw
FN:182,_mint
FN:188,_isMowsePack
FN:191,_requireMowsePackApprovedOrOwner
FN:204,_authorizeUpgrade
FN:209,_beforeTokenTransfer
FN:217,_burn
FN:223,tokenURI
FN:234,onERC721Received
FN:237,supportsInterface
FNF:26
FNH:11
FNDA:0,mustExist
FNDA:3,constructor
FNDA:3,initialize
FNDA:5,mintMowse
FNDA:3,mintMowsePack
FNDA:0,mintMowseForExistingMowsePack
FNDA:0,isMowsePack
FNDA:1,freeMint
FNDA:3,setMowseMintPrice
FNDA:0,pause
FNDA:0,unpause
FNDA:0,changeTeamAddress
FNDA:0,changeBackendAddress
FNDA:0,changeTreasuryAddress
FNDA:0,changeTeamTax
FNDA:0,changeBackendTax
FNDA:1,withdraw
FNDA:4,_mint
FNDA:0,_isMowsePack
FNDA:0,_requireMowsePackApprovedOrOwner
FNDA:0,_authorizeUpgrade
FNDA:8,_beforeTokenTransfer
FNDA:0,_burn
FNDA:10,tokenURI
FNDA:3,onERC721Received
FNDA:0,supportsInterface
DA:59,0
DA:60,0
DA:65,3
DA:69,3
DA:70,3
DA:71,3
DA:72,3
DA:73,3
DA:74,3
DA:75,3
DA:76,3
DA:77,3
DA:78,3
DA:79,3
DA:80,3
DA:83,3
DA:84,3
DA:86,3
DA:87,3
DA:88,3
DA:90,3
DA:92,3
DA:95,3
DA:96,0
DA:98,0
DA:105,5
DA:106,3
DA:107,3
DA:109,3
DA:114,3
DA:115,3
DA:116,3
DA:119,3
DA:120,3
DA:122,3
DA:126,0
DA:127,0
DA:131,0
DA:140,1
DA:142,1
DA:145,3
DA:148,0
DA:151,0
DA:154,0
DA:157,0
DA:160,0
DA:163,0
DA:166,0
DA:169,1
DA:170,1
DA:171,1
DA:173,1
DA:174,1
DA:175,1
DA:176,1
DA:177,1
DA:178,1
DA:183,4
DA:184,4
DA:185,4
DA:186,4
DA:189,0
DA:193,0
DA:194,0
DA:195,0
DA:213,8
DA:215,8
DA:221,0
DA:232,10
DA:235,3
DA:243,0
LF:71
LH:51
BRDA:59,1,0,0
BRDA:59,1,1,0
BRDA:59,2,0,0
BRDA:59,2,1,0
BRDA:59,3,0,0
BRDA:59,3,1,0
BRDA:68,4,0,3
BRDA:68,4,1,0
BRDA:105,5,0,3
BRDA:105,5,1,2
BRDA:125,6,0,0
BRDA:125,6,1,0
BRDA:137,7,0,1
BRDA:137,7,1,1
BRDA:144,8,0,3
BRDA:144,8,1,0
BRDA:147,9,0,0
BRDA:147,9,1,0
BRDA:150,10,0,0
BRDA:150,10,1,0
BRDA:153,11,0,0
BRDA:153,11,1,0
BRDA:156,12,0,0
BRDA:156,12,1,0
BRDA:159,13,0,0
BRDA:159,13,1,0
BRDA:162,14,0,0
BRDA:162,14,1,0
BRDA:165,15,0,0
BRDA:165,15,1,0
BRDA:168,16,0,1
BRDA:168,16,1,0
BRDA:174,17,0,0
BRDA:174,17,1,1
BRDA:176,18,0,0
BRDA:176,18,1,1
BRDA:178,19,0,0
BRDA:178,19,1,1
BRDA:195,20,0,0
BRDA:195,20,1,0
BRDA:196,21,0,0
BRDA:196,21,1,0
BRDA:196,22,0,0
BRDA:196,22,1,0
BRDA:204,23,0,0
BRDA:204,23,1,0
BRF:46
BRH:10
end_of_record
TN:
SF:C:\Users\msarc\Code\MowseGame\web3\diamonds\contracts\MowseGold.sol
FN:43,constructor
FN:47,initialize
FN:72,mint
FN:76,purchaseMowseGold
FN:84,grantMinterRole
FN:87,revokeMinterRole
FN:90,setMowseGoldMintPrice
FN:94,changeTeamAddress
FN:97,changeBackendAddress
FN:100,changeTreasuryAddress
FN:103,changeTeamTax
FN:106,changeBackendTax
FN:109,withdraw
FN:122,_authorizeUpgrade
FNF:14
FNH:8
FNDA:3,constructor
FNDA:3,initialize
FNDA:9,mint
FNDA:4,purchaseMowseGold
FNDA:4,grantMinterRole
FNDA:1,revokeMinterRole
FNDA:4,setMowseGoldMintPrice
FNDA:0,changeTeamAddress
FNDA:0,changeBackendAddress
FNDA:0,changeTreasuryAddress
FNDA:0,changeTeamTax
FNDA:0,changeBackendTax
FNDA:1,withdraw
FNDA:0,_authorizeUpgrade
DA:44,3
DA:48,3
DA:49,3
DA:50,3
DA:51,3
DA:52,3
DA:54,3
DA:55,3
DA:56,3
DA:59,3
DA:61,3
DA:62,3
DA:63,3
DA:64,3
DA:65,3
DA:68,3
DA:69,3
DA:73,9
DA:77,4
DA:78,2
DA:80,2
DA:81,2
DA:85,4
DA:88,1
DA:91,4
DA:95,0
DA:98,0
DA:101,0
DA:104,0
DA:107,0
DA:110,1
DA:111,1
DA:112,1
DA:114,1
DA:115,1
DA:116,1
DA:117,1
DA:118,1
DA:119,1
LF:39
LH:34
BRDA:47,1,0,3
BRDA:47,1,1,0
BRDA:72,2,0,9
BRDA:72,2,1,2
BRDA:77,3,0,2
BRDA:77,3,1,2
BRDA:84,4,0,4
BRDA:84,4,1,1
BRDA:87,5,0,1
BRDA:87,5,1,1
BRDA:90,6,0,4
BRDA:90,6,1,1
BRDA:94,7,0,0
BRDA:94,7,1,0
BRDA:97,8,0,0
BRDA:97,8,1,0
BRDA:100,9,0,0
BRDA:100,9,1,0
BRDA:103,10,0,0
BRDA:103,10,1,0
BRDA:106,11,0,0
BRDA:106,11,1,0
BRDA:109,12,0,1
BRDA:109,12,1,1
BRDA:115,13,0,0
BRDA:115,13,1,1
BRDA:117,14,0,0
BRDA:117,14,1,1
BRDA:119,15,0,0
BRDA:119,15,1,1
BRDA:122,16,0,0
BRDA:122,16,1,0
BRF:32
BRH:16
end_of_record
TN:
SF:C:\Users\msarc\Code\MowseGame\web3\diamonds\contracts\MowsePack.sol
FN:41,mustExist
FN:46,onlyHolder
FN:66,constructor
FN:94,mintMowse
FN:112,giftMowse
FN:122,mint
FN:129,tokenURI
FN:142,tokenPermanentURI
FN:151,isApprovedForAll
FN:165,supportsInterface
FN:176,royaltyInfo
FN:195,setMetadataVisualizer
FN:207,disableMetadataVisualizer
FN:218,setActive
FN:228,setMarketplace
FN:238,setAllowedMetadataVisualizer
FN:246,setRoyalty
FN:254,balance
FN:259,withdraw
FN:268,withdrawTokens
FN:279,withdrawNFT
FN:290,_getMowseMetadataVisualizer
FN:298,_mint
FNF:23
FNH:3
FNDA:0,mustExist
FNDA:0,onlyHolder
FNDA:3,constructor
FNDA:4,mintMowse
FNDA:0,giftMowse
FNDA:0,mint
FNDA:0,tokenURI
FNDA:0,tokenPermanentURI
FNDA:0,isApprovedForAll
FNDA:0,supportsInterface
FNDA:0,royaltyInfo
FNDA:0,setMetadataVisualizer
FNDA:0,disableMetadataVisualizer
FNDA:0,setActive
FNDA:0,setMarketplace
FNDA:0,setAllowedMetadataVisualizer
FNDA:0,setRoyalty
FNDA:0,balance
FNDA:0,withdraw
FNDA:0,withdrawTokens
FNDA:0,withdrawNFT
FNDA:0,_getMowseMetadataVisualizer
FNDA:4,_mint
DA:42,0
DA:43,0
DA:47,0
DA:48,0
DA:68,3
DA:71,3
DA:74,3
DA:77,3
DA:80,3
DA:81,3
DA:82,6
DA:84,3
DA:85,3
DA:86,3
DA:89,3
DA:95,4
DA:96,4
DA:97,4
DA:100,4
DA:101,4
DA:102,4
DA:105,4
DA:113,0
DA:114,0
DA:115,0
DA:117,0
DA:123,0
DA:131,0
DA:133,0
DA:136,0
DA:137,0
DA:144,0
DA:157,0
DA:158,0
DA:161,0
DA:171,0
DA:182,0
DA:197,0
DA:199,0
DA:201,0
DA:208,0
DA:210,0
DA:219,0
DA:221,0
DA:229,0
DA:231,0
DA:239,0
DA:241,0
DA:247,0
DA:248,0
DA:250,0
DA:255,0
DA:260,0
DA:261,0
DA:262,0
DA:263,0
DA:269,0
DA:272,0
DA:273,0
DA:274,0
DA:280,0
DA:281,0
DA:282,0
DA:291,0
DA:292,0
DA:294,0
DA:299,4
DA:300,4
LF:68
LH:20
BRDA:42,1,0,0
BRDA:42,1,1,0
BRDA:47,2,0,0
BRDA:47,2,1,0
BRDA:84,3,0,3
BRDA:84,3,1,0
BRDA:95,4,0,4
BRDA:95,4,1,0
BRDA:96,5,0,4
BRDA:96,5,1,0
BRDA:97,6,0,4
BRDA:97,6,1,0
BRDA:113,7,0,0
BRDA:113,7,1,0
BRDA:114,8,0,0
BRDA:114,8,1,0
BRDA:115,9,0,0
BRDA:115,9,1,0
BRDA:123,10,0,0
BRDA:123,10,1,0
BRDA:129,11,0,0
BRDA:129,11,1,0
BRDA:131,12,0,0
BRDA:131,12,1,0
BRDA:137,13,0,0
BRDA:137,13,1,0
BRDA:142,14,0,0
BRDA:142,14,1,0
BRDA:157,15,0,0
BRDA:157,15,1,0
BRDA:171,16,0,0
BRDA:171,16,1,0
BRDA:194,17,0,0
BRDA:194,17,1,0
BRDA:195,18,0,0
BRDA:195,18,1,0
BRDA:197,19,0,0
BRDA:197,19,1,0
BRDA:207,20,0,0
BRDA:207,20,1,0
BRDA:207,21,0,0
BRDA:207,21,1,0
BRDA:218,22,0,0
BRDA:218,22,1,0
BRDA:228,23,0,0
BRDA:228,23,1,0
BRDA:238,24,0,0
BRDA:238,24,1,0
BRDA:246,25,0,0
BRDA:246,25,1,0
BRDA:247,26,0,0
BRDA:247,26,1,0
BRDA:248,27,0,0
BRDA:248,27,1,0
BRDA:259,28,0,0
BRDA:259,28,1,0
BRDA:263,29,0,0
BRDA:263,29,1,0
BRDA:268,30,0,0
BRDA:268,30,1,0
BRDA:279,31,0,0
BRDA:279,31,1,0
BRDA:291,32,0,0
BRDA:291,32,1,0
BRDA:299,33,0,4
BRDA:299,33,1,0
BRF:66
BRH:5
end_of_record
TN:
SF:C:\Users\msarc\Code\MowseGame\web3\diamonds\contracts\MowsePRNG.sol
FN:18,prng
FN:26,prng
FN:31,_prng
FNF:3
FNH:0
FNDA:0,prng
FNDA:0,prng
FNDA:0,_prng
DA:19,0
DA:20,0
DA:27,0
DA:34,0
DA:35,0
LF:5
LH:0
BRF:0
BRH:0
end_of_record
TN:
SF:C:\Users\msarc\Code\MowseGame\web3\diamonds\contracts\TestMowseAvatar.sol
FNF:0
FNH:0
LF:0
LH:0
BRF:0
BRH:0
end_of_record
TN:
SF:C:\Users\msarc\Code\MowseGame\web3\diamonds\contracts\TestMowseAvatarv2.sol
FNF:0
FNH:0
LF:0
LH:0
BRF:0
BRH:0
end_of_record
TN:
SF:C:\Users\msarc\Code\MowseGame\web3\diamonds\contracts\upgradeInitializers\DiamondInit.sol
FN:43,init
FN:143,createBaseDimensions
FN:160,createMowseWearMetadata
FNF:3
FNH:1
FNDA:1,init
FNDA:0,createBaseDimensions
FNDA:0,createMowseWearMetadata
DA:45,1
DA:46,1
DA:47,1
DA:48,1
DA:49,1
DA:50,1
DA:51,1
DA:52,1
DA:53,1
DA:54,1
DA:57,1
DA:58,1
DA:59,1
DA:60,1
DA:61,1
DA:62,1
DA:64,1
DA:65,1
DA:66,1
DA:67,1
DA:68,1
DA:69,1
DA:70,1
DA:71,1
DA:72,1
DA:73,1
DA:75,1
DA:76,1
DA:77,1
DA:79,1
DA:80,1
DA:81,1
DA:83,1
DA:84,1
DA:86,1
DA:88,1
DA:89,1
DA:91,1
DA:92,1
DA:93,1
DA:95,1
DA:96,1
DA:97,1
DA:98,1
DA:99,1
DA:100,1
DA:101,1
DA:102,1
DA:103,1
DA:104,1
DA:105,1
DA:106,1
DA:107,1
DA:109,1
DA:110,12
DA:114,1
DA:115,1
DA:116,1
DA:117,1
DA:118,1
DA:119,1
DA:120,1
DA:121,1
DA:122,1
DA:123,1
DA:124,1
DA:125,1
DA:126,1
DA:127,1
DA:128,1
DA:129,1
DA:130,1
DA:131,1
DA:132,1
DA:133,1
DA:134,1
DA:135,1
DA:136,1
DA:137,1
DA:138,1
DA:139,1
DA:140,1
DA:151,0
DA:169,0
LF:84
LH:82
BRF:0
BRH:0
end_of_record
